{"timestamp":"2025-07-30T19:16:24.167546","level":"info","event":"DAG bundles loaded: dags-folder, example_dags","logger":"airflow.dag_processing.bundles.manager.DagBundlesManager"}
{"timestamp":"2025-07-30T19:16:24.168082","level":"info","event":"Filling up the DagBag from /opt/airflow/dags/__pycache__/nyc_trip_etl_dag.py","logger":"airflow.models.dagbag.DagBag"}
{"timestamp":"2025-07-30T19:16:24.593936Z","level":"info","event":"Task instance is in running state","chan":"stdout","logger":"task"}
{"timestamp":"2025-07-30T19:16:24.595649Z","level":"info","event":" Previous state of the Task instance: TaskInstanceState.QUEUED","chan":"stdout","logger":"task"}
{"timestamp":"2025-07-30T19:16:24.595907Z","level":"info","event":"Current task name:load_csv_to_postgres","chan":"stdout","logger":"task"}
{"timestamp":"2025-07-30T19:16:24.596009Z","level":"info","event":"Dag name:nyc_trip_etl","chan":"stdout","logger":"task"}
{"timestamp":"2025-07-30T19:16:24.622966Z","level":"info","event":"Skipping yellow_tripdata_2019-01.csv — already processed.","chan":"stdout","logger":"task"}
{"timestamp":"2025-07-30T19:16:24.623484Z","level":"info","event":"Skipping yellow_tripdata_2019-02.csv — already processed.","chan":"stdout","logger":"task"}
{"timestamp":"2025-07-30T19:16:24.623594Z","level":"info","event":"Skipping yellow_tripdata_2019-03.csv — already processed.","chan":"stdout","logger":"task"}
{"timestamp":"2025-07-30T19:16:24.624015Z","level":"info","event":"Processing file: /opt/airflow/data/yellow_tripdata_2019/yellow_tripdata_2019-04.csv","chan":"stdout","logger":"task"}
{"timestamp":"2025-07-30T19:16:26.516448Z","level":"info","event":"Total rows: 7433139, Batches: 75","chan":"stdout","logger":"task"}
{"timestamp":"2025-07-30T19:16:29.688012Z","level":"info","event":"Inserted 100000 rows from yellow_tripdata_2019-04.csv.","chan":"stdout","logger":"task"}
{"timestamp":"2025-07-30T19:16:33.846448Z","level":"info","event":"Inserted 100000 rows from yellow_tripdata_2019-04.csv.","chan":"stdout","logger":"task"}
{"timestamp":"2025-07-30T19:16:37.401185Z","level":"info","event":"Inserted 100000 rows from yellow_tripdata_2019-04.csv.","chan":"stdout","logger":"task"}
{"timestamp":"2025-07-30T19:16:40.516173Z","level":"info","event":"Inserted 100000 rows from yellow_tripdata_2019-04.csv.","chan":"stdout","logger":"task"}
{"timestamp":"2025-07-30T19:16:43.472061Z","level":"info","event":"Inserted 100000 rows from yellow_tripdata_2019-04.csv.","chan":"stdout","logger":"task"}
{"timestamp":"2025-07-30T19:16:46.512564Z","level":"info","event":"Inserted 100000 rows from yellow_tripdata_2019-04.csv.","chan":"stdout","logger":"task"}
{"timestamp":"2025-07-30T19:16:49.556695Z","level":"info","event":"Inserted 100000 rows from yellow_tripdata_2019-04.csv.","chan":"stdout","logger":"task"}
{"timestamp":"2025-07-30T19:16:53.404849Z","level":"info","event":"Inserted 100000 rows from yellow_tripdata_2019-04.csv.","chan":"stdout","logger":"task"}
{"timestamp":"2025-07-30T19:16:56.837623Z","level":"info","event":"Inserted 100000 rows from yellow_tripdata_2019-04.csv.","chan":"stdout","logger":"task"}
{"timestamp":"2025-07-30T19:16:59.863218Z","level":"info","event":"Inserted 100000 rows from yellow_tripdata_2019-04.csv.","chan":"stdout","logger":"task"}
{"timestamp":"2025-07-30T19:17:02.855152Z","level":"info","event":"Inserted 100000 rows from yellow_tripdata_2019-04.csv.","chan":"stdout","logger":"task"}
{"timestamp":"2025-07-30T19:17:07.339591Z","level":"info","event":"Inserted 100000 rows from yellow_tripdata_2019-04.csv.","chan":"stdout","logger":"task"}
{"timestamp":"2025-07-30T19:17:10.536488Z","level":"info","event":"Inserted 100000 rows from yellow_tripdata_2019-04.csv.","chan":"stdout","logger":"task"}
{"timestamp":"2025-07-30T19:17:13.600218Z","level":"info","event":"Inserted 100000 rows from yellow_tripdata_2019-04.csv.","chan":"stdout","logger":"task"}
{"timestamp":"2025-07-30T19:17:16.599133Z","level":"info","event":"Inserted 100000 rows from yellow_tripdata_2019-04.csv.","chan":"stdout","logger":"task"}
{"timestamp":"2025-07-30T19:17:21.337367Z","level":"info","event":"Inserted 100000 rows from yellow_tripdata_2019-04.csv.","chan":"stdout","logger":"task"}
{"timestamp":"2025-07-30T19:17:25.246942Z","level":"info","event":"Inserted 100000 rows from yellow_tripdata_2019-04.csv.","chan":"stdout","logger":"task"}
{"timestamp":"2025-07-30T19:17:29.801092Z","level":"info","event":"Inserted 100000 rows from yellow_tripdata_2019-04.csv.","chan":"stdout","logger":"task"}
{"timestamp":"2025-07-30T19:17:33.258346Z","level":"info","event":"Inserted 100000 rows from yellow_tripdata_2019-04.csv.","chan":"stdout","logger":"task"}
{"timestamp":"2025-07-30T19:17:36.801215Z","level":"info","event":"Inserted 100000 rows from yellow_tripdata_2019-04.csv.","chan":"stdout","logger":"task"}
{"timestamp":"2025-07-30T19:17:40.900489Z","level":"info","event":"Inserted 100000 rows from yellow_tripdata_2019-04.csv.","chan":"stdout","logger":"task"}
{"timestamp":"2025-07-30T19:17:44.096936Z","level":"info","event":"Inserted 100000 rows from yellow_tripdata_2019-04.csv.","chan":"stdout","logger":"task"}
{"timestamp":"2025-07-30T19:17:47.425224Z","level":"info","event":"Inserted 100000 rows from yellow_tripdata_2019-04.csv.","chan":"stdout","logger":"task"}
{"timestamp":"2025-07-30T19:17:50.520897Z","level":"info","event":"Inserted 100000 rows from yellow_tripdata_2019-04.csv.","chan":"stdout","logger":"task"}
{"timestamp":"2025-07-30T19:17:53.523843Z","level":"info","event":"Inserted 100000 rows from yellow_tripdata_2019-04.csv.","chan":"stdout","logger":"task"}
{"timestamp":"2025-07-30T19:17:56.549514Z","level":"info","event":"Inserted 100000 rows from yellow_tripdata_2019-04.csv.","chan":"stdout","logger":"task"}
{"timestamp":"2025-07-30T19:17:59.680776Z","level":"info","event":"Inserted 100000 rows from yellow_tripdata_2019-04.csv.","chan":"stdout","logger":"task"}
{"timestamp":"2025-07-30T19:18:02.879933Z","level":"info","event":"Inserted 100000 rows from yellow_tripdata_2019-04.csv.","chan":"stdout","logger":"task"}
{"timestamp":"2025-07-30T19:18:06.207882Z","level":"info","event":"Inserted 100000 rows from yellow_tripdata_2019-04.csv.","chan":"stdout","logger":"task"}
{"timestamp":"2025-07-30T19:18:09.713442Z","level":"info","event":"Inserted 100000 rows from yellow_tripdata_2019-04.csv.","chan":"stdout","logger":"task"}
{"timestamp":"2025-07-30T19:18:13.440464Z","level":"info","event":"Inserted 100000 rows from yellow_tripdata_2019-04.csv.","chan":"stdout","logger":"task"}
{"timestamp":"2025-07-30T19:18:16.800082Z","level":"info","event":"Inserted 100000 rows from yellow_tripdata_2019-04.csv.","chan":"stdout","logger":"task"}
