{"timestamp":"2025-07-28T13:45:08.876327","level":"info","event":"DAG bundles loaded: dags-folder, example_dags","logger":"airflow.dag_processing.bundles.manager.DagBundlesManager"}
{"timestamp":"2025-07-28T13:45:08.958037","level":"info","event":"Filling up the DagBag from /opt/airflow/dags/__pycache__/nyc_trip_etl_dag.py","logger":"airflow.models.dagbag.DagBag"}
{"timestamp":"2025-07-28T13:45:09.191500Z","level":"info","event":"Task instance is in running state","chan":"stdout","logger":"task"}
{"timestamp":"2025-07-28T13:45:09.197135Z","level":"info","event":" Previous state of the Task instance: TaskInstanceState.QUEUED","chan":"stdout","logger":"task"}
{"timestamp":"2025-07-28T13:45:09.200068Z","level":"info","event":"Current task name:load_csv_to_postgres","chan":"stdout","logger":"task"}
{"timestamp":"2025-07-28T13:45:09.202739Z","level":"info","event":"Dag name:nyc_trip_etl","chan":"stdout","logger":"task"}
{"timestamp":"2025-07-28T13:45:09.265146Z","level":"info","event":"Processing file: /opt/airflow/data/yellow_tripdata_2019/yellow_tripdata_2019-01.csv","chan":"stdout","logger":"task"}
{"timestamp":"2025-07-28T13:45:15.544719Z","level":"info","event":"Total rows: 7667792, Batches: 77","chan":"stdout","logger":"task"}
{"timestamp":"2025-07-28T13:45:16.065055Z","level":"info","event":"Inserted 100000 rows from yellow_tripdata_2019-01.csv.","chan":"stdout","logger":"task"}
{"timestamp":"2025-07-28T13:45:16.324325Z","level":"info","event":"Inserted 100000 rows from yellow_tripdata_2019-01.csv.","chan":"stdout","logger":"task"}
{"timestamp":"2025-07-28T13:45:16.745583Z","level":"info","event":"Inserted 100000 rows from yellow_tripdata_2019-01.csv.","chan":"stdout","logger":"task"}
{"timestamp":"2025-07-28T13:45:17.149731Z","level":"info","event":"Inserted 100000 rows from yellow_tripdata_2019-01.csv.","chan":"stdout","logger":"task"}
{"timestamp":"2025-07-28T13:45:17.464972Z","level":"info","event":"Inserted 100000 rows from yellow_tripdata_2019-01.csv.","chan":"stdout","logger":"task"}
{"timestamp":"2025-07-28T13:45:17.971397Z","level":"info","event":"Inserted 100000 rows from yellow_tripdata_2019-01.csv.","chan":"stdout","logger":"task"}
{"timestamp":"2025-07-28T13:45:18.215641Z","level":"info","event":"Inserted 100000 rows from yellow_tripdata_2019-01.csv.","chan":"stdout","logger":"task"}
{"timestamp":"2025-07-28T13:45:18.455794Z","level":"info","event":"Inserted 100000 rows from yellow_tripdata_2019-01.csv.","chan":"stdout","logger":"task"}
{"timestamp":"2025-07-28T13:45:18.766345Z","level":"info","event":"Inserted 100000 rows from yellow_tripdata_2019-01.csv.","chan":"stdout","logger":"task"}
{"timestamp":"2025-07-28T13:45:19.172088Z","level":"info","event":"Inserted 100000 rows from yellow_tripdata_2019-01.csv.","chan":"stdout","logger":"task"}
{"timestamp":"2025-07-28T13:45:19.852179Z","level":"info","event":"Inserted 100000 rows from yellow_tripdata_2019-01.csv.","chan":"stdout","logger":"task"}
{"timestamp":"2025-07-28T13:45:20.976596Z","level":"info","event":"Inserted 100000 rows from yellow_tripdata_2019-01.csv.","chan":"stdout","logger":"task"}
{"timestamp":"2025-07-28T13:45:22.459866Z","level":"info","event":"Inserted 100000 rows from yellow_tripdata_2019-01.csv.","chan":"stdout","logger":"task"}
{"timestamp":"2025-07-28T13:45:22.812011Z","level":"info","event":"Inserted 100000 rows from yellow_tripdata_2019-01.csv.","chan":"stdout","logger":"task"}
{"timestamp":"2025-07-28T13:45:23.457148Z","level":"info","event":"Inserted 100000 rows from yellow_tripdata_2019-01.csv.","chan":"stdout","logger":"task"}
{"timestamp":"2025-07-28T13:45:23.713428Z","level":"info","event":"Inserted 100000 rows from yellow_tripdata_2019-01.csv.","chan":"stdout","logger":"task"}
{"timestamp":"2025-07-28T13:45:24.031382Z","level":"info","event":"Inserted 100000 rows from yellow_tripdata_2019-01.csv.","chan":"stdout","logger":"task"}
{"timestamp":"2025-07-28T13:45:24.881673Z","level":"info","event":"Inserted 100000 rows from yellow_tripdata_2019-01.csv.","chan":"stdout","logger":"task"}
{"timestamp":"2025-07-28T13:45:25.509911Z","level":"info","event":"Inserted 100000 rows from yellow_tripdata_2019-01.csv.","chan":"stdout","logger":"task"}
{"timestamp":"2025-07-28T13:45:26.300510Z","level":"info","event":"Inserted 100000 rows from yellow_tripdata_2019-01.csv.","chan":"stdout","logger":"task"}
{"timestamp":"2025-07-28T13:45:27.042924Z","level":"info","event":"Inserted 100000 rows from yellow_tripdata_2019-01.csv.","chan":"stdout","logger":"task"}
{"timestamp":"2025-07-28T13:45:27.300372Z","level":"info","event":"Inserted 100000 rows from yellow_tripdata_2019-01.csv.","chan":"stdout","logger":"task"}
{"timestamp":"2025-07-28T13:45:27.604846Z","level":"info","event":"Inserted 100000 rows from yellow_tripdata_2019-01.csv.","chan":"stdout","logger":"task"}
{"timestamp":"2025-07-28T13:45:27.896901Z","level":"info","event":"Inserted 100000 rows from yellow_tripdata_2019-01.csv.","chan":"stdout","logger":"task"}
{"timestamp":"2025-07-28T13:45:28.156827Z","level":"info","event":"Inserted 100000 rows from yellow_tripdata_2019-01.csv.","chan":"stdout","logger":"task"}
{"timestamp":"2025-07-28T13:45:28.440122Z","level":"info","event":"Inserted 100000 rows from yellow_tripdata_2019-01.csv.","chan":"stdout","logger":"task"}
{"timestamp":"2025-07-28T13:45:28.659197Z","level":"info","event":"Inserted 100000 rows from yellow_tripdata_2019-01.csv.","chan":"stdout","logger":"task"}
{"timestamp":"2025-07-28T13:45:28.901519Z","level":"info","event":"Inserted 100000 rows from yellow_tripdata_2019-01.csv.","chan":"stdout","logger":"task"}
{"timestamp":"2025-07-28T13:45:29.119059Z","level":"info","event":"Inserted 100000 rows from yellow_tripdata_2019-01.csv.","chan":"stdout","logger":"task"}
{"timestamp":"2025-07-28T13:45:29.323374Z","level":"info","event":"Inserted 100000 rows from yellow_tripdata_2019-01.csv.","chan":"stdout","logger":"task"}
{"timestamp":"2025-07-28T13:45:29.607247Z","level":"info","event":"Inserted 100000 rows from yellow_tripdata_2019-01.csv.","chan":"stdout","logger":"task"}
{"timestamp":"2025-07-28T13:45:29.845456Z","level":"info","event":"Inserted 100000 rows from yellow_tripdata_2019-01.csv.","chan":"stdout","logger":"task"}
{"timestamp":"2025-07-28T13:45:30.112647Z","level":"info","event":"Inserted 100000 rows from yellow_tripdata_2019-01.csv.","chan":"stdout","logger":"task"}
{"timestamp":"2025-07-28T13:45:30.427544Z","level":"info","event":"Inserted 100000 rows from yellow_tripdata_2019-01.csv.","chan":"stdout","logger":"task"}
{"timestamp":"2025-07-28T13:45:30.656974Z","level":"info","event":"Inserted 100000 rows from yellow_tripdata_2019-01.csv.","chan":"stdout","logger":"task"}
{"timestamp":"2025-07-28T13:45:30.935688Z","level":"info","event":"Inserted 100000 rows from yellow_tripdata_2019-01.csv.","chan":"stdout","logger":"task"}
{"timestamp":"2025-07-28T13:45:31.154674Z","level":"info","event":"Inserted 100000 rows from yellow_tripdata_2019-01.csv.","chan":"stdout","logger":"task"}
{"timestamp":"2025-07-28T13:45:31.419687Z","level":"info","event":"Inserted 100000 rows from yellow_tripdata_2019-01.csv.","chan":"stdout","logger":"task"}
{"timestamp":"2025-07-28T13:45:31.664786Z","level":"info","event":"Inserted 100000 rows from yellow_tripdata_2019-01.csv.","chan":"stdout","logger":"task"}
{"timestamp":"2025-07-28T13:45:31.921677Z","level":"info","event":"Inserted 100000 rows from yellow_tripdata_2019-01.csv.","chan":"stdout","logger":"task"}
{"timestamp":"2025-07-28T13:45:32.161976Z","level":"info","event":"Inserted 100000 rows from yellow_tripdata_2019-01.csv.","chan":"stdout","logger":"task"}
{"timestamp":"2025-07-28T13:45:32.395909Z","level":"info","event":"Inserted 100000 rows from yellow_tripdata_2019-01.csv.","chan":"stdout","logger":"task"}
{"timestamp":"2025-07-28T13:45:32.842132Z","level":"info","event":"Inserted 100000 rows from yellow_tripdata_2019-01.csv.","chan":"stdout","logger":"task"}
{"timestamp":"2025-07-28T13:45:33.099531Z","level":"info","event":"Inserted 100000 rows from yellow_tripdata_2019-01.csv.","chan":"stdout","logger":"task"}
{"timestamp":"2025-07-28T13:45:33.465564Z","level":"info","event":"Inserted 100000 rows from yellow_tripdata_2019-01.csv.","chan":"stdout","logger":"task"}
{"timestamp":"2025-07-28T13:45:33.675692Z","level":"info","event":"Inserted 100000 rows from yellow_tripdata_2019-01.csv.","chan":"stdout","logger":"task"}
{"timestamp":"2025-07-28T13:45:34.004903Z","level":"info","event":"Inserted 100000 rows from yellow_tripdata_2019-01.csv.","chan":"stdout","logger":"task"}
{"timestamp":"2025-07-28T13:45:34.555479Z","level":"info","event":"Inserted 100000 rows from yellow_tripdata_2019-01.csv.","chan":"stdout","logger":"task"}
{"timestamp":"2025-07-28T13:45:45.760996Z","level":"info","event":"Inserted 100000 rows from yellow_tripdata_2019-01.csv.","chan":"stdout","logger":"task"}
{"timestamp":"2025-07-28T13:46:04.764688Z","level":"info","event":"Inserted 100000 rows from yellow_tripdata_2019-01.csv.","chan":"stdout","logger":"task"}
{"timestamp":"2025-07-28T13:46:22.017770Z","level":"info","event":"Inserted 100000 rows from yellow_tripdata_2019-01.csv.","chan":"stdout","logger":"task"}
{"timestamp":"2025-07-28T13:46:38.660928Z","level":"info","event":"Inserted 100000 rows from yellow_tripdata_2019-01.csv.","chan":"stdout","logger":"task"}
{"timestamp":"2025-07-28T13:46:59.804358Z","level":"info","event":"Inserted 100000 rows from yellow_tripdata_2019-01.csv.","chan":"stdout","logger":"task"}
