{"timestamp":"2025-07-30T18:49:50.826375","level":"info","event":"DAG bundles loaded: dags-folder, example_dags","logger":"airflow.dag_processing.bundles.manager.DagBundlesManager"}
{"timestamp":"2025-07-30T18:49:50.826718","level":"info","event":"Filling up the DagBag from /opt/airflow/dags/__pycache__/nyc_trip_etl_dag.py","logger":"airflow.models.dagbag.DagBag"}
{"timestamp":"2025-07-30T18:49:51.594052Z","level":"info","event":"Task instance is in running state","chan":"stdout","logger":"task"}
{"timestamp":"2025-07-30T18:49:51.595433Z","level":"info","event":" Previous state of the Task instance: TaskInstanceState.QUEUED","chan":"stdout","logger":"task"}
{"timestamp":"2025-07-30T18:49:51.596678Z","level":"info","event":"Current task name:load_csv_to_postgres","chan":"stdout","logger":"task"}
{"timestamp":"2025-07-30T18:49:51.597642Z","level":"info","event":"Dag name:nyc_trip_etl","chan":"stdout","logger":"task"}
{"timestamp":"2025-07-30T18:49:51.613378Z","level":"info","event":"Processing file: /opt/airflow/data/yellow_tripdata_2019/yellow_tripdata_2019-01.csv","chan":"stdout","logger":"task"}
{"timestamp":"2025-07-30T18:49:53.606659Z","level":"info","event":"Total rows: 7667792, Batches: 77","chan":"stdout","logger":"task"}
{"timestamp":"2025-07-30T18:49:53.930906Z","level":"info","event":"Inserted 1 rows from yellow_tripdata_2019-01.csv.","chan":"stdout","logger":"task"}
{"timestamp":"2025-07-30T18:49:54.152641Z","level":"info","event":"Inserted 0 rows from yellow_tripdata_2019-01.csv.","chan":"stdout","logger":"task"}
{"timestamp":"2025-07-30T18:49:54.281014Z","level":"info","event":"Inserted 0 rows from yellow_tripdata_2019-01.csv.","chan":"stdout","logger":"task"}
{"timestamp":"2025-07-30T18:49:54.411699Z","level":"info","event":"Inserted 0 rows from yellow_tripdata_2019-01.csv.","chan":"stdout","logger":"task"}
{"timestamp":"2025-07-30T18:49:54.561920Z","level":"info","event":"Inserted 0 rows from yellow_tripdata_2019-01.csv.","chan":"stdout","logger":"task"}
{"timestamp":"2025-07-30T18:49:54.701676Z","level":"info","event":"Inserted 4 rows from yellow_tripdata_2019-01.csv.","chan":"stdout","logger":"task"}
{"timestamp":"2025-07-30T18:49:54.846543Z","level":"info","event":"Inserted 0 rows from yellow_tripdata_2019-01.csv.","chan":"stdout","logger":"task"}
{"timestamp":"2025-07-30T18:49:54.976939Z","level":"info","event":"Inserted 0 rows from yellow_tripdata_2019-01.csv.","chan":"stdout","logger":"task"}
{"timestamp":"2025-07-30T18:49:55.112654Z","level":"info","event":"Inserted 4 rows from yellow_tripdata_2019-01.csv.","chan":"stdout","logger":"task"}
{"timestamp":"2025-07-30T18:49:55.244155Z","level":"info","event":"Inserted 0 rows from yellow_tripdata_2019-01.csv.","chan":"stdout","logger":"task"}
{"timestamp":"2025-07-30T18:49:55.413320Z","level":"info","event":"Inserted 0 rows from yellow_tripdata_2019-01.csv.","chan":"stdout","logger":"task"}
{"timestamp":"2025-07-30T18:49:55.630494Z","level":"info","event":"Inserted 0 rows from yellow_tripdata_2019-01.csv.","chan":"stdout","logger":"task"}
{"timestamp":"2025-07-30T18:49:55.769020Z","level":"info","event":"Inserted 0 rows from yellow_tripdata_2019-01.csv.","chan":"stdout","logger":"task"}
{"timestamp":"2025-07-30T18:49:55.942933Z","level":"info","event":"Inserted 0 rows from yellow_tripdata_2019-01.csv.","chan":"stdout","logger":"task"}
{"timestamp":"2025-07-30T18:49:56.088526Z","level":"info","event":"Inserted 0 rows from yellow_tripdata_2019-01.csv.","chan":"stdout","logger":"task"}
{"timestamp":"2025-07-30T18:49:56.230241Z","level":"info","event":"Inserted 0 rows from yellow_tripdata_2019-01.csv.","chan":"stdout","logger":"task"}
{"timestamp":"2025-07-30T18:49:56.376902Z","level":"info","event":"Inserted 0 rows from yellow_tripdata_2019-01.csv.","chan":"stdout","logger":"task"}
{"timestamp":"2025-07-30T18:49:56.543952Z","level":"info","event":"Inserted 0 rows from yellow_tripdata_2019-01.csv.","chan":"stdout","logger":"task"}
{"timestamp":"2025-07-30T18:49:56.698056Z","level":"info","event":"Inserted 0 rows from yellow_tripdata_2019-01.csv.","chan":"stdout","logger":"task"}
{"timestamp":"2025-07-30T18:49:56.840991Z","level":"info","event":"Inserted 0 rows from yellow_tripdata_2019-01.csv.","chan":"stdout","logger":"task"}
{"timestamp":"2025-07-30T18:49:56.987810Z","level":"info","event":"Inserted 0 rows from yellow_tripdata_2019-01.csv.","chan":"stdout","logger":"task"}
{"timestamp":"2025-07-30T18:49:57.137675Z","level":"info","event":"Inserted 0 rows from yellow_tripdata_2019-01.csv.","chan":"stdout","logger":"task"}
{"timestamp":"2025-07-30T18:49:57.293902Z","level":"info","event":"Inserted 0 rows from yellow_tripdata_2019-01.csv.","chan":"stdout","logger":"task"}
{"timestamp":"2025-07-30T18:49:57.437072Z","level":"info","event":"Inserted 0 rows from yellow_tripdata_2019-01.csv.","chan":"stdout","logger":"task"}
{"timestamp":"2025-07-30T18:49:57.570984Z","level":"info","event":"Inserted 0 rows from yellow_tripdata_2019-01.csv.","chan":"stdout","logger":"task"}
{"timestamp":"2025-07-30T18:49:57.702023Z","level":"info","event":"Inserted 0 rows from yellow_tripdata_2019-01.csv.","chan":"stdout","logger":"task"}
{"timestamp":"2025-07-30T18:49:57.842142Z","level":"info","event":"Inserted 0 rows from yellow_tripdata_2019-01.csv.","chan":"stdout","logger":"task"}
{"timestamp":"2025-07-30T18:49:57.978352Z","level":"info","event":"Inserted 0 rows from yellow_tripdata_2019-01.csv.","chan":"stdout","logger":"task"}
{"timestamp":"2025-07-30T18:49:58.121608Z","level":"info","event":"Inserted 0 rows from yellow_tripdata_2019-01.csv.","chan":"stdout","logger":"task"}
{"timestamp":"2025-07-30T18:49:58.249836Z","level":"info","event":"Inserted 0 rows from yellow_tripdata_2019-01.csv.","chan":"stdout","logger":"task"}
{"timestamp":"2025-07-30T18:49:58.392443Z","level":"info","event":"Inserted 0 rows from yellow_tripdata_2019-01.csv.","chan":"stdout","logger":"task"}
{"timestamp":"2025-07-30T18:49:58.542861Z","level":"info","event":"Inserted 0 rows from yellow_tripdata_2019-01.csv.","chan":"stdout","logger":"task"}
{"timestamp":"2025-07-30T18:49:58.716857Z","level":"info","event":"Inserted 0 rows from yellow_tripdata_2019-01.csv.","chan":"stdout","logger":"task"}
{"timestamp":"2025-07-30T18:49:58.861152Z","level":"info","event":"Inserted 0 rows from yellow_tripdata_2019-01.csv.","chan":"stdout","logger":"task"}
{"timestamp":"2025-07-30T18:49:59.025574Z","level":"info","event":"Inserted 0 rows from yellow_tripdata_2019-01.csv.","chan":"stdout","logger":"task"}
{"timestamp":"2025-07-30T18:49:59.174405Z","level":"info","event":"Inserted 1 rows from yellow_tripdata_2019-01.csv.","chan":"stdout","logger":"task"}
{"timestamp":"2025-07-30T18:49:59.302949Z","level":"info","event":"Inserted 0 rows from yellow_tripdata_2019-01.csv.","chan":"stdout","logger":"task"}
{"timestamp":"2025-07-30T18:49:59.422227Z","level":"info","event":"Inserted 0 rows from yellow_tripdata_2019-01.csv.","chan":"stdout","logger":"task"}
{"timestamp":"2025-07-30T18:49:59.562931Z","level":"info","event":"Inserted 0 rows from yellow_tripdata_2019-01.csv.","chan":"stdout","logger":"task"}
{"timestamp":"2025-07-30T18:49:59.784557Z","level":"info","event":"Inserted 0 rows from yellow_tripdata_2019-01.csv.","chan":"stdout","logger":"task"}
{"timestamp":"2025-07-30T18:49:59.939188Z","level":"info","event":"Inserted 0 rows from yellow_tripdata_2019-01.csv.","chan":"stdout","logger":"task"}
{"timestamp":"2025-07-30T18:50:00.084475Z","level":"info","event":"Inserted 10 rows from yellow_tripdata_2019-01.csv.","chan":"stdout","logger":"task"}
{"timestamp":"2025-07-30T18:50:00.217985Z","level":"info","event":"Inserted 25 rows from yellow_tripdata_2019-01.csv.","chan":"stdout","logger":"task"}
{"timestamp":"2025-07-30T18:50:00.342224Z","level":"info","event":"Inserted 17 rows from yellow_tripdata_2019-01.csv.","chan":"stdout","logger":"task"}
{"timestamp":"2025-07-30T18:50:00.482246Z","level":"info","event":"Inserted 0 rows from yellow_tripdata_2019-01.csv.","chan":"stdout","logger":"task"}
{"timestamp":"2025-07-30T18:50:00.616549Z","level":"info","event":"Inserted 2 rows from yellow_tripdata_2019-01.csv.","chan":"stdout","logger":"task"}
{"timestamp":"2025-07-30T18:50:00.751927Z","level":"info","event":"Inserted 19 rows from yellow_tripdata_2019-01.csv.","chan":"stdout","logger":"task"}
{"timestamp":"2025-07-30T18:50:00.894192Z","level":"info","event":"Inserted 96 rows from yellow_tripdata_2019-01.csv.","chan":"stdout","logger":"task"}
{"timestamp":"2025-07-30T18:50:03.798161Z","level":"info","event":"Inserted 59439 rows from yellow_tripdata_2019-01.csv.","chan":"stdout","logger":"task"}
{"timestamp":"2025-07-30T18:50:09.689748Z","level":"info","event":"Inserted 99200 rows from yellow_tripdata_2019-01.csv.","chan":"stdout","logger":"task"}
{"timestamp":"2025-07-30T18:50:14.217068Z","level":"info","event":"Inserted 99124 rows from yellow_tripdata_2019-01.csv.","chan":"stdout","logger":"task"}
{"timestamp":"2025-07-30T18:50:17.987461Z","level":"info","event":"Inserted 99055 rows from yellow_tripdata_2019-01.csv.","chan":"stdout","logger":"task"}
{"timestamp":"2025-07-30T18:50:21.703554Z","level":"info","event":"Inserted 99086 rows from yellow_tripdata_2019-01.csv.","chan":"stdout","logger":"task"}
{"timestamp":"2025-07-30T18:50:26.882221Z","level":"info","event":"Inserted 99113 rows from yellow_tripdata_2019-01.csv.","chan":"stdout","logger":"task"}
{"timestamp":"2025-07-30T18:50:30.798587Z","level":"info","event":"Inserted 98959 rows from yellow_tripdata_2019-01.csv.","chan":"stdout","logger":"task"}
{"timestamp":"2025-07-30T18:50:34.318144Z","level":"info","event":"Inserted 99093 rows from yellow_tripdata_2019-01.csv.","chan":"stdout","logger":"task"}
{"timestamp":"2025-07-30T18:50:38.042206Z","level":"info","event":"Inserted 99097 rows from yellow_tripdata_2019-01.csv.","chan":"stdout","logger":"task"}
{"timestamp":"2025-07-30T18:50:42.156037Z","level":"info","event":"Inserted 99107 rows from yellow_tripdata_2019-01.csv.","chan":"stdout","logger":"task"}
{"timestamp":"2025-07-30T18:50:46.372666Z","level":"info","event":"Inserted 99119 rows from yellow_tripdata_2019-01.csv.","chan":"stdout","logger":"task"}
{"timestamp":"2025-07-30T18:50:50.452526Z","level":"info","event":"Inserted 99135 rows from yellow_tripdata_2019-01.csv.","chan":"stdout","logger":"task"}
{"timestamp":"2025-07-30T18:50:53.908558Z","level":"info","event":"Inserted 99123 rows from yellow_tripdata_2019-01.csv.","chan":"stdout","logger":"task"}
{"timestamp":"2025-07-30T18:50:59.079256Z","level":"info","event":"Inserted 99093 rows from yellow_tripdata_2019-01.csv.","chan":"stdout","logger":"task"}
{"timestamp":"2025-07-30T18:51:04.087761Z","level":"info","event":"Inserted 99010 rows from yellow_tripdata_2019-01.csv.","chan":"stdout","logger":"task"}
{"timestamp":"2025-07-30T18:51:08.301447Z","level":"info","event":"Inserted 99023 rows from yellow_tripdata_2019-01.csv.","chan":"stdout","logger":"task"}
{"timestamp":"2025-07-30T18:51:13.125082Z","level":"info","event":"Inserted 99074 rows from yellow_tripdata_2019-01.csv.","chan":"stdout","logger":"task"}
{"timestamp":"2025-07-30T18:51:19.212819Z","level":"info","event":"Inserted 99064 rows from yellow_tripdata_2019-01.csv.","chan":"stdout","logger":"task"}
{"timestamp":"2025-07-30T18:51:24.202913Z","level":"info","event":"Inserted 99929 rows from yellow_tripdata_2019-01.csv.","chan":"stdout","logger":"task"}
{"timestamp":"2025-07-30T18:51:28.273238Z","level":"info","event":"Inserted 100000 rows from yellow_tripdata_2019-01.csv.","chan":"stdout","logger":"task"}
{"timestamp":"2025-07-30T18:51:34.004149Z","level":"info","event":"Inserted 100000 rows from yellow_tripdata_2019-01.csv.","chan":"stdout","logger":"task"}
{"timestamp":"2025-07-30T18:51:38.205266Z","level":"info","event":"Inserted 100000 rows from yellow_tripdata_2019-01.csv.","chan":"stdout","logger":"task"}
{"timestamp":"2025-07-30T18:51:42.514697Z","level":"info","event":"Inserted 100000 rows from yellow_tripdata_2019-01.csv.","chan":"stdout","logger":"task"}
{"timestamp":"2025-07-30T18:51:46.876157Z","level":"info","event":"Inserted 100000 rows from yellow_tripdata_2019-01.csv.","chan":"stdout","logger":"task"}
{"timestamp":"2025-07-30T18:51:51.192264Z","level":"info","event":"Inserted 100000 rows from yellow_tripdata_2019-01.csv.","chan":"stdout","logger":"task"}
{"timestamp":"2025-07-30T18:51:55.437664Z","level":"info","event":"Inserted 100000 rows from yellow_tripdata_2019-01.csv.","chan":"stdout","logger":"task"}
{"timestamp":"2025-07-30T18:51:59.655270Z","level":"info","event":"Inserted 100000 rows from yellow_tripdata_2019-01.csv.","chan":"stdout","logger":"task"}
{"timestamp":"2025-07-30T18:52:03.906841Z","level":"info","event":"Inserted 100000 rows from yellow_tripdata_2019-01.csv.","chan":"stdout","logger":"task"}
{"timestamp":"2025-07-30T18:52:08.523930Z","level":"info","event":"Inserted 67792 rows from yellow_tripdata_2019-01.csv.","chan":"stdout","logger":"task"}
{"timestamp":"2025-07-30T18:52:08.546627Z","level":"info","event":"Processing file: /opt/airflow/data/yellow_tripdata_2019/yellow_tripdata_2019-02.csv","chan":"stdout","logger":"task"}
{"timestamp":"2025-07-30T18:52:09.939478Z","level":"info","event":"Total rows: 7019375, Batches: 71","chan":"stdout","logger":"task"}
{"timestamp":"2025-07-30T18:52:13.561540Z","level":"info","event":"Inserted 100000 rows from yellow_tripdata_2019-02.csv.","chan":"stdout","logger":"task"}
{"timestamp":"2025-07-30T18:52:17.341804Z","level":"info","event":"Inserted 100000 rows from yellow_tripdata_2019-02.csv.","chan":"stdout","logger":"task"}
{"timestamp":"2025-07-30T18:52:20.415027Z","level":"info","event":"Inserted 100000 rows from yellow_tripdata_2019-02.csv.","chan":"stdout","logger":"task"}
{"timestamp":"2025-07-30T18:52:23.548888Z","level":"info","event":"Inserted 100000 rows from yellow_tripdata_2019-02.csv.","chan":"stdout","logger":"task"}
{"timestamp":"2025-07-30T18:52:26.605566Z","level":"info","event":"Inserted 100000 rows from yellow_tripdata_2019-02.csv.","chan":"stdout","logger":"task"}
{"timestamp":"2025-07-30T18:52:29.545417Z","level":"info","event":"Inserted 100000 rows from yellow_tripdata_2019-02.csv.","chan":"stdout","logger":"task"}
{"timestamp":"2025-07-30T18:52:33.071461Z","level":"info","event":"Inserted 100000 rows from yellow_tripdata_2019-02.csv.","chan":"stdout","logger":"task"}
{"timestamp":"2025-07-30T18:52:36.451091Z","level":"info","event":"Inserted 100000 rows from yellow_tripdata_2019-02.csv.","chan":"stdout","logger":"task"}
{"timestamp":"2025-07-30T18:52:40.193972Z","level":"info","event":"Inserted 100000 rows from yellow_tripdata_2019-02.csv.","chan":"stdout","logger":"task"}
{"timestamp":"2025-07-30T18:52:43.624137Z","level":"info","event":"Inserted 100000 rows from yellow_tripdata_2019-02.csv.","chan":"stdout","logger":"task"}
{"timestamp":"2025-07-30T18:52:46.854384Z","level":"info","event":"Inserted 100000 rows from yellow_tripdata_2019-02.csv.","chan":"stdout","logger":"task"}
{"timestamp":"2025-07-30T18:52:50.043371Z","level":"info","event":"Inserted 100000 rows from yellow_tripdata_2019-02.csv.","chan":"stdout","logger":"task"}
{"timestamp":"2025-07-30T18:52:53.044015Z","level":"info","event":"Inserted 100000 rows from yellow_tripdata_2019-02.csv.","chan":"stdout","logger":"task"}
{"timestamp":"2025-07-30T18:52:56.064917Z","level":"info","event":"Inserted 100000 rows from yellow_tripdata_2019-02.csv.","chan":"stdout","logger":"task"}
{"timestamp":"2025-07-30T18:52:58.996789Z","level":"info","event":"Inserted 100000 rows from yellow_tripdata_2019-02.csv.","chan":"stdout","logger":"task"}
{"timestamp":"2025-07-30T18:53:02.022152Z","level":"info","event":"Inserted 100000 rows from yellow_tripdata_2019-02.csv.","chan":"stdout","logger":"task"}
{"timestamp":"2025-07-30T18:53:05.084202Z","level":"info","event":"Inserted 100000 rows from yellow_tripdata_2019-02.csv.","chan":"stdout","logger":"task"}
{"timestamp":"2025-07-30T18:53:08.125386Z","level":"info","event":"Inserted 100000 rows from yellow_tripdata_2019-02.csv.","chan":"stdout","logger":"task"}
{"timestamp":"2025-07-30T18:53:11.325669Z","level":"info","event":"Inserted 100000 rows from yellow_tripdata_2019-02.csv.","chan":"stdout","logger":"task"}
{"timestamp":"2025-07-30T18:53:16.239130Z","level":"info","event":"Inserted 100000 rows from yellow_tripdata_2019-02.csv.","chan":"stdout","logger":"task"}
{"timestamp":"2025-07-30T18:53:19.442891Z","level":"info","event":"Inserted 100000 rows from yellow_tripdata_2019-02.csv.","chan":"stdout","logger":"task"}
{"timestamp":"2025-07-30T18:53:23.050408Z","level":"info","event":"Inserted 100000 rows from yellow_tripdata_2019-02.csv.","chan":"stdout","logger":"task"}
{"timestamp":"2025-07-30T18:53:26.295116Z","level":"info","event":"Inserted 100000 rows from yellow_tripdata_2019-02.csv.","chan":"stdout","logger":"task"}
{"timestamp":"2025-07-30T18:53:29.492063Z","level":"info","event":"Inserted 100000 rows from yellow_tripdata_2019-02.csv.","chan":"stdout","logger":"task"}
{"timestamp":"2025-07-30T18:53:32.673389Z","level":"info","event":"Inserted 100000 rows from yellow_tripdata_2019-02.csv.","chan":"stdout","logger":"task"}
{"timestamp":"2025-07-30T18:53:35.800907Z","level":"info","event":"Inserted 100000 rows from yellow_tripdata_2019-02.csv.","chan":"stdout","logger":"task"}
{"timestamp":"2025-07-30T18:53:38.851435Z","level":"info","event":"Inserted 100000 rows from yellow_tripdata_2019-02.csv.","chan":"stdout","logger":"task"}
{"timestamp":"2025-07-30T18:53:42.091168Z","level":"info","event":"Inserted 100000 rows from yellow_tripdata_2019-02.csv.","chan":"stdout","logger":"task"}
{"timestamp":"2025-07-30T18:53:46.056716Z","level":"info","event":"Inserted 100000 rows from yellow_tripdata_2019-02.csv.","chan":"stdout","logger":"task"}
{"timestamp":"2025-07-30T18:53:49.391106Z","level":"info","event":"Inserted 100000 rows from yellow_tripdata_2019-02.csv.","chan":"stdout","logger":"task"}
{"timestamp":"2025-07-30T18:53:52.623719Z","level":"info","event":"Inserted 100000 rows from yellow_tripdata_2019-02.csv.","chan":"stdout","logger":"task"}
{"timestamp":"2025-07-30T18:53:55.812143Z","level":"info","event":"Inserted 100000 rows from yellow_tripdata_2019-02.csv.","chan":"stdout","logger":"task"}
{"timestamp":"2025-07-30T18:53:58.814994Z","level":"info","event":"Inserted 100000 rows from yellow_tripdata_2019-02.csv.","chan":"stdout","logger":"task"}
{"timestamp":"2025-07-30T18:54:02.212018Z","level":"info","event":"Inserted 100000 rows from yellow_tripdata_2019-02.csv.","chan":"stdout","logger":"task"}
{"timestamp":"2025-07-30T18:54:05.700812Z","level":"info","event":"Inserted 100000 rows from yellow_tripdata_2019-02.csv.","chan":"stdout","logger":"task"}
{"timestamp":"2025-07-30T18:54:08.976531Z","level":"info","event":"Inserted 100000 rows from yellow_tripdata_2019-02.csv.","chan":"stdout","logger":"task"}
{"timestamp":"2025-07-30T18:54:12.046621Z","level":"info","event":"Inserted 100000 rows from yellow_tripdata_2019-02.csv.","chan":"stdout","logger":"task"}
{"timestamp":"2025-07-30T18:54:15.758830Z","level":"info","event":"Inserted 100000 rows from yellow_tripdata_2019-02.csv.","chan":"stdout","logger":"task"}
{"timestamp":"2025-07-30T18:54:19.798834Z","level":"info","event":"Inserted 100000 rows from yellow_tripdata_2019-02.csv.","chan":"stdout","logger":"task"}
{"timestamp":"2025-07-30T18:54:23.075701Z","level":"info","event":"Inserted 100000 rows from yellow_tripdata_2019-02.csv.","chan":"stdout","logger":"task"}
{"timestamp":"2025-07-30T18:54:26.224906Z","level":"info","event":"Inserted 100000 rows from yellow_tripdata_2019-02.csv.","chan":"stdout","logger":"task"}
{"timestamp":"2025-07-30T18:54:29.245153Z","level":"info","event":"Inserted 100000 rows from yellow_tripdata_2019-02.csv.","chan":"stdout","logger":"task"}
{"timestamp":"2025-07-30T18:54:32.952230Z","level":"info","event":"Inserted 100000 rows from yellow_tripdata_2019-02.csv.","chan":"stdout","logger":"task"}
{"timestamp":"2025-07-30T18:54:36.805794Z","level":"info","event":"Inserted 100000 rows from yellow_tripdata_2019-02.csv.","chan":"stdout","logger":"task"}
{"timestamp":"2025-07-30T18:54:40.090516Z","level":"info","event":"Inserted 100000 rows from yellow_tripdata_2019-02.csv.","chan":"stdout","logger":"task"}
{"timestamp":"2025-07-30T18:54:43.512034Z","level":"info","event":"Inserted 100000 rows from yellow_tripdata_2019-02.csv.","chan":"stdout","logger":"task"}
{"timestamp":"2025-07-30T18:54:47.039982Z","level":"info","event":"Inserted 100000 rows from yellow_tripdata_2019-02.csv.","chan":"stdout","logger":"task"}
{"timestamp":"2025-07-30T18:54:50.481152Z","level":"info","event":"Inserted 100000 rows from yellow_tripdata_2019-02.csv.","chan":"stdout","logger":"task"}
{"timestamp":"2025-07-30T18:54:54.468016Z","level":"info","event":"Inserted 100000 rows from yellow_tripdata_2019-02.csv.","chan":"stdout","logger":"task"}
{"timestamp":"2025-07-30T18:54:57.711619Z","level":"info","event":"Inserted 100000 rows from yellow_tripdata_2019-02.csv.","chan":"stdout","logger":"task"}
{"timestamp":"2025-07-30T18:55:01.697397Z","level":"info","event":"Inserted 100000 rows from yellow_tripdata_2019-02.csv.","chan":"stdout","logger":"task"}
{"timestamp":"2025-07-30T18:55:05.404235Z","level":"info","event":"Inserted 100000 rows from yellow_tripdata_2019-02.csv.","chan":"stdout","logger":"task"}
{"timestamp":"2025-07-30T18:55:08.725502Z","level":"info","event":"Inserted 100000 rows from yellow_tripdata_2019-02.csv.","chan":"stdout","logger":"task"}
{"timestamp":"2025-07-30T18:55:12.214165Z","level":"info","event":"Inserted 100000 rows from yellow_tripdata_2019-02.csv.","chan":"stdout","logger":"task"}
{"timestamp":"2025-07-30T18:55:15.928558Z","level":"info","event":"Inserted 100000 rows from yellow_tripdata_2019-02.csv.","chan":"stdout","logger":"task"}
{"timestamp":"2025-07-30T18:55:19.927528Z","level":"info","event":"Inserted 100000 rows from yellow_tripdata_2019-02.csv.","chan":"stdout","logger":"task"}
{"timestamp":"2025-07-30T18:55:25.170914Z","level":"info","event":"Inserted 100000 rows from yellow_tripdata_2019-02.csv.","chan":"stdout","logger":"task"}
{"timestamp":"2025-07-30T18:55:28.756820Z","level":"info","event":"Inserted 100000 rows from yellow_tripdata_2019-02.csv.","chan":"stdout","logger":"task"}
{"timestamp":"2025-07-30T18:55:32.741547Z","level":"info","event":"Inserted 100000 rows from yellow_tripdata_2019-02.csv.","chan":"stdout","logger":"task"}
{"timestamp":"2025-07-30T18:55:36.206910Z","level":"info","event":"Inserted 100000 rows from yellow_tripdata_2019-02.csv.","chan":"stdout","logger":"task"}
{"timestamp":"2025-07-30T18:55:39.902276Z","level":"info","event":"Inserted 100000 rows from yellow_tripdata_2019-02.csv.","chan":"stdout","logger":"task"}
{"timestamp":"2025-07-30T18:55:43.970532Z","level":"info","event":"Inserted 100000 rows from yellow_tripdata_2019-02.csv.","chan":"stdout","logger":"task"}
{"timestamp":"2025-07-30T18:55:49.857805Z","level":"info","event":"Inserted 100000 rows from yellow_tripdata_2019-02.csv.","chan":"stdout","logger":"task"}
{"timestamp":"2025-07-30T18:55:56.009437Z","level":"info","event":"Inserted 100000 rows from yellow_tripdata_2019-02.csv.","chan":"stdout","logger":"task"}
{"timestamp":"2025-07-30T18:56:01.439447Z","level":"info","event":"Inserted 100000 rows from yellow_tripdata_2019-02.csv.","chan":"stdout","logger":"task"}
{"timestamp":"2025-07-30T18:56:05.331380Z","level":"info","event":"Inserted 100000 rows from yellow_tripdata_2019-02.csv.","chan":"stdout","logger":"task"}
{"timestamp":"2025-07-30T18:56:08.829526Z","level":"info","event":"Inserted 100000 rows from yellow_tripdata_2019-02.csv.","chan":"stdout","logger":"task"}
{"timestamp":"2025-07-30T18:56:12.270678Z","level":"info","event":"Inserted 100000 rows from yellow_tripdata_2019-02.csv.","chan":"stdout","logger":"task"}
{"timestamp":"2025-07-30T18:56:17.688106Z","level":"info","event":"Inserted 100000 rows from yellow_tripdata_2019-02.csv.","chan":"stdout","logger":"task"}
{"timestamp":"2025-07-30T18:56:21.735851Z","level":"info","event":"Inserted 100000 rows from yellow_tripdata_2019-02.csv.","chan":"stdout","logger":"task"}
{"timestamp":"2025-07-30T18:56:22.762129Z","level":"info","event":"Inserted 19375 rows from yellow_tripdata_2019-02.csv.","chan":"stdout","logger":"task"}
{"timestamp":"2025-07-30T18:56:22.785862Z","level":"info","event":"Processing file: /opt/airflow/data/yellow_tripdata_2019/yellow_tripdata_2019-03.csv","chan":"stdout","logger":"task"}
{"timestamp":"2025-07-30T18:56:25.329291Z","level":"info","event":"Total rows: 7832545, Batches: 79","chan":"stdout","logger":"task"}
{"timestamp":"2025-07-30T18:56:30.059486Z","level":"info","event":"Inserted 100000 rows from yellow_tripdata_2019-03.csv.","chan":"stdout","logger":"task"}
{"timestamp":"2025-07-30T18:56:34.461254Z","level":"info","event":"Inserted 100000 rows from yellow_tripdata_2019-03.csv.","chan":"stdout","logger":"task"}
{"timestamp":"2025-07-30T18:56:37.893122Z","level":"info","event":"Inserted 100000 rows from yellow_tripdata_2019-03.csv.","chan":"stdout","logger":"task"}
{"timestamp":"2025-07-30T18:56:41.265425Z","level":"info","event":"Inserted 100000 rows from yellow_tripdata_2019-03.csv.","chan":"stdout","logger":"task"}
{"timestamp":"2025-07-30T18:56:44.565025Z","level":"info","event":"Inserted 100000 rows from yellow_tripdata_2019-03.csv.","chan":"stdout","logger":"task"}
{"timestamp":"2025-07-30T18:56:48.279535Z","level":"info","event":"Inserted 100000 rows from yellow_tripdata_2019-03.csv.","chan":"stdout","logger":"task"}
{"timestamp":"2025-07-30T18:56:52.145029Z","level":"info","event":"Inserted 100000 rows from yellow_tripdata_2019-03.csv.","chan":"stdout","logger":"task"}
{"timestamp":"2025-07-30T18:56:56.627163Z","level":"info","event":"Inserted 100000 rows from yellow_tripdata_2019-03.csv.","chan":"stdout","logger":"task"}
{"timestamp":"2025-07-30T18:57:00.092787Z","level":"info","event":"Inserted 100000 rows from yellow_tripdata_2019-03.csv.","chan":"stdout","logger":"task"}
{"timestamp":"2025-07-30T18:57:05.150918Z","level":"info","event":"Inserted 100000 rows from yellow_tripdata_2019-03.csv.","chan":"stdout","logger":"task"}
{"timestamp":"2025-07-30T18:57:08.754207Z","level":"info","event":"Inserted 100000 rows from yellow_tripdata_2019-03.csv.","chan":"stdout","logger":"task"}
{"timestamp":"2025-07-30T18:57:11.938650Z","level":"info","event":"Inserted 100000 rows from yellow_tripdata_2019-03.csv.","chan":"stdout","logger":"task"}
{"timestamp":"2025-07-30T18:57:15.329886Z","level":"info","event":"Inserted 100000 rows from yellow_tripdata_2019-03.csv.","chan":"stdout","logger":"task"}
{"timestamp":"2025-07-30T18:57:20.049101Z","level":"info","event":"Inserted 100000 rows from yellow_tripdata_2019-03.csv.","chan":"stdout","logger":"task"}
{"timestamp":"2025-07-30T18:57:27.032208Z","level":"info","event":"Inserted 100000 rows from yellow_tripdata_2019-03.csv.","chan":"stdout","logger":"task"}
{"timestamp":"2025-07-30T18:57:32.212602Z","level":"info","event":"Inserted 100000 rows from yellow_tripdata_2019-03.csv.","chan":"stdout","logger":"task"}
{"timestamp":"2025-07-30T18:57:37.984744Z","level":"info","event":"Inserted 100000 rows from yellow_tripdata_2019-03.csv.","chan":"stdout","logger":"task"}
{"timestamp":"2025-07-30T18:57:43.692476Z","level":"info","event":"Inserted 100000 rows from yellow_tripdata_2019-03.csv.","chan":"stdout","logger":"task"}
{"timestamp":"2025-07-30T18:57:47.960621Z","level":"info","event":"Inserted 100000 rows from yellow_tripdata_2019-03.csv.","chan":"stdout","logger":"task"}
{"timestamp":"2025-07-30T18:57:52.802378Z","level":"info","event":"Inserted 100000 rows from yellow_tripdata_2019-03.csv.","chan":"stdout","logger":"task"}
{"timestamp":"2025-07-30T18:57:58.888436Z","level":"info","event":"Inserted 100000 rows from yellow_tripdata_2019-03.csv.","chan":"stdout","logger":"task"}
{"timestamp":"2025-07-30T18:58:03.269039Z","level":"info","event":"Inserted 100000 rows from yellow_tripdata_2019-03.csv.","chan":"stdout","logger":"task"}
{"timestamp":"2025-07-30T18:58:07.940653Z","level":"info","event":"Inserted 100000 rows from yellow_tripdata_2019-03.csv.","chan":"stdout","logger":"task"}
{"timestamp":"2025-07-30T18:58:14.145662Z","level":"info","event":"Inserted 100000 rows from yellow_tripdata_2019-03.csv.","chan":"stdout","logger":"task"}
{"timestamp":"2025-07-30T18:58:19.201141Z","level":"info","event":"Inserted 100000 rows from yellow_tripdata_2019-03.csv.","chan":"stdout","logger":"task"}
{"timestamp":"2025-07-30T18:58:24.478900Z","level":"info","event":"Inserted 100000 rows from yellow_tripdata_2019-03.csv.","chan":"stdout","logger":"task"}
{"timestamp":"2025-07-30T18:58:31.163862Z","level":"info","event":"Inserted 100000 rows from yellow_tripdata_2019-03.csv.","chan":"stdout","logger":"task"}
{"timestamp":"2025-07-30T18:58:35.106435Z","level":"info","event":"Inserted 100000 rows from yellow_tripdata_2019-03.csv.","chan":"stdout","logger":"task"}
{"timestamp":"2025-07-30T18:58:39.214797Z","level":"info","event":"Inserted 100000 rows from yellow_tripdata_2019-03.csv.","chan":"stdout","logger":"task"}
{"timestamp":"2025-07-30T18:58:43.149313Z","level":"info","event":"Inserted 100000 rows from yellow_tripdata_2019-03.csv.","chan":"stdout","logger":"task"}
{"timestamp":"2025-07-30T18:58:48.639358Z","level":"info","event":"Inserted 100000 rows from yellow_tripdata_2019-03.csv.","chan":"stdout","logger":"task"}
{"timestamp":"2025-07-30T18:58:53.387903Z","level":"info","event":"Inserted 100000 rows from yellow_tripdata_2019-03.csv.","chan":"stdout","logger":"task"}
{"timestamp":"2025-07-30T18:58:57.998483Z","level":"info","event":"Inserted 100000 rows from yellow_tripdata_2019-03.csv.","chan":"stdout","logger":"task"}
{"timestamp":"2025-07-30T18:59:03.134332Z","level":"info","event":"Inserted 100000 rows from yellow_tripdata_2019-03.csv.","chan":"stdout","logger":"task"}
{"timestamp":"2025-07-30T18:59:07.837762Z","level":"info","event":"Inserted 100000 rows from yellow_tripdata_2019-03.csv.","chan":"stdout","logger":"task"}
{"timestamp":"2025-07-30T18:59:12.186958Z","level":"info","event":"Inserted 100000 rows from yellow_tripdata_2019-03.csv.","chan":"stdout","logger":"task"}
{"timestamp":"2025-07-30T18:59:17.085083Z","level":"info","event":"Inserted 100000 rows from yellow_tripdata_2019-03.csv.","chan":"stdout","logger":"task"}
{"timestamp":"2025-07-30T18:59:25.187045Z","level":"info","event":"Inserted 100000 rows from yellow_tripdata_2019-03.csv.","chan":"stdout","logger":"task"}
{"timestamp":"2025-07-30T18:59:31.358275Z","level":"info","event":"Inserted 100000 rows from yellow_tripdata_2019-03.csv.","chan":"stdout","logger":"task"}
{"timestamp":"2025-07-30T18:59:37.191680Z","level":"info","event":"Inserted 100000 rows from yellow_tripdata_2019-03.csv.","chan":"stdout","logger":"task"}
{"timestamp":"2025-07-30T18:59:43.283169Z","level":"info","event":"Inserted 100000 rows from yellow_tripdata_2019-03.csv.","chan":"stdout","logger":"task"}
{"timestamp":"2025-07-30T18:59:50.233880Z","level":"info","event":"Inserted 100000 rows from yellow_tripdata_2019-03.csv.","chan":"stdout","logger":"task"}
{"timestamp":"2025-07-30T19:00:00.148094Z","level":"info","event":"Inserted 100000 rows from yellow_tripdata_2019-03.csv.","chan":"stdout","logger":"task"}
{"timestamp":"2025-07-30T19:00:11.170240Z","level":"info","event":"Inserted 100000 rows from yellow_tripdata_2019-03.csv.","chan":"stdout","logger":"task"}
{"timestamp":"2025-07-30T19:00:19.294797Z","level":"info","event":"Inserted 100000 rows from yellow_tripdata_2019-03.csv.","chan":"stdout","logger":"task"}
{"timestamp":"2025-07-30T19:00:24.208544Z","level":"info","event":"Inserted 100000 rows from yellow_tripdata_2019-03.csv.","chan":"stdout","logger":"task"}
{"timestamp":"2025-07-30T19:00:30.859744Z","level":"info","event":"Inserted 100000 rows from yellow_tripdata_2019-03.csv.","chan":"stdout","logger":"task"}
{"timestamp":"2025-07-30T19:00:36.679496Z","level":"info","event":"Inserted 100000 rows from yellow_tripdata_2019-03.csv.","chan":"stdout","logger":"task"}
{"timestamp":"2025-07-30T19:00:40.364258Z","level":"info","event":"Inserted 100000 rows from yellow_tripdata_2019-03.csv.","chan":"stdout","logger":"task"}
{"timestamp":"2025-07-30T19:00:44.272316Z","level":"info","event":"Inserted 100000 rows from yellow_tripdata_2019-03.csv.","chan":"stdout","logger":"task"}
{"timestamp":"2025-07-30T19:00:49.778348Z","level":"info","event":"Inserted 100000 rows from yellow_tripdata_2019-03.csv.","chan":"stdout","logger":"task"}
{"timestamp":"2025-07-30T19:00:54.523387Z","level":"info","event":"Inserted 100000 rows from yellow_tripdata_2019-03.csv.","chan":"stdout","logger":"task"}
{"timestamp":"2025-07-30T19:00:59.834713Z","level":"info","event":"Inserted 100000 rows from yellow_tripdata_2019-03.csv.","chan":"stdout","logger":"task"}
{"timestamp":"2025-07-30T19:01:04.238636Z","level":"info","event":"Inserted 100000 rows from yellow_tripdata_2019-03.csv.","chan":"stdout","logger":"task"}
{"timestamp":"2025-07-30T19:01:11.491473Z","level":"info","event":"Inserted 100000 rows from yellow_tripdata_2019-03.csv.","chan":"stdout","logger":"task"}
{"timestamp":"2025-07-30T19:01:16.478778Z","level":"info","event":"Inserted 100000 rows from yellow_tripdata_2019-03.csv.","chan":"stdout","logger":"task"}
{"timestamp":"2025-07-30T19:01:20.575494Z","level":"info","event":"Inserted 100000 rows from yellow_tripdata_2019-03.csv.","chan":"stdout","logger":"task"}
{"timestamp":"2025-07-30T19:01:24.600091Z","level":"info","event":"Inserted 100000 rows from yellow_tripdata_2019-03.csv.","chan":"stdout","logger":"task"}
{"timestamp":"2025-07-30T19:01:29.388819Z","level":"info","event":"Inserted 100000 rows from yellow_tripdata_2019-03.csv.","chan":"stdout","logger":"task"}
{"timestamp":"2025-07-30T19:01:33.532470Z","level":"info","event":"Inserted 100000 rows from yellow_tripdata_2019-03.csv.","chan":"stdout","logger":"task"}
{"timestamp":"2025-07-30T19:01:38.908682Z","level":"info","event":"Inserted 100000 rows from yellow_tripdata_2019-03.csv.","chan":"stdout","logger":"task"}
{"timestamp":"2025-07-30T19:01:45.200213Z","level":"info","event":"Inserted 100000 rows from yellow_tripdata_2019-03.csv.","chan":"stdout","logger":"task"}
{"timestamp":"2025-07-30T19:01:49.485476Z","level":"info","event":"Inserted 100000 rows from yellow_tripdata_2019-03.csv.","chan":"stdout","logger":"task"}
{"timestamp":"2025-07-30T19:01:54.159888Z","level":"info","event":"Inserted 100000 rows from yellow_tripdata_2019-03.csv.","chan":"stdout","logger":"task"}
{"timestamp":"2025-07-30T19:02:00.316762Z","level":"info","event":"Inserted 100000 rows from yellow_tripdata_2019-03.csv.","chan":"stdout","logger":"task"}
{"timestamp":"2025-07-30T19:02:05.848095Z","level":"info","event":"Inserted 100000 rows from yellow_tripdata_2019-03.csv.","chan":"stdout","logger":"task"}
{"timestamp":"2025-07-30T19:02:09.750247Z","level":"info","event":"Inserted 100000 rows from yellow_tripdata_2019-03.csv.","chan":"stdout","logger":"task"}
{"timestamp":"2025-07-30T19:02:13.301909Z","level":"info","event":"Inserted 100000 rows from yellow_tripdata_2019-03.csv.","chan":"stdout","logger":"task"}
{"timestamp":"2025-07-30T19:02:18.277652Z","level":"info","event":"Inserted 100000 rows from yellow_tripdata_2019-03.csv.","chan":"stdout","logger":"task"}
{"timestamp":"2025-07-30T19:02:22.135808Z","level":"info","event":"Inserted 100000 rows from yellow_tripdata_2019-03.csv.","chan":"stdout","logger":"task"}
{"timestamp":"2025-07-30T19:02:26.580499Z","level":"info","event":"Inserted 100000 rows from yellow_tripdata_2019-03.csv.","chan":"stdout","logger":"task"}
{"timestamp":"2025-07-30T19:02:30.763635Z","level":"info","event":"Inserted 100000 rows from yellow_tripdata_2019-03.csv.","chan":"stdout","logger":"task"}
{"timestamp":"2025-07-30T19:02:34.664334Z","level":"info","event":"Inserted 100000 rows from yellow_tripdata_2019-03.csv.","chan":"stdout","logger":"task"}
{"timestamp":"2025-07-30T19:02:38.294997Z","level":"info","event":"Inserted 100000 rows from yellow_tripdata_2019-03.csv.","chan":"stdout","logger":"task"}
{"timestamp":"2025-07-30T19:02:41.760028Z","level":"info","event":"Inserted 100000 rows from yellow_tripdata_2019-03.csv.","chan":"stdout","logger":"task"}
{"timestamp":"2025-07-30T19:02:45.324169Z","level":"info","event":"Inserted 100000 rows from yellow_tripdata_2019-03.csv.","chan":"stdout","logger":"task"}
{"timestamp":"2025-07-30T19:02:50.812356Z","level":"info","event":"Inserted 100000 rows from yellow_tripdata_2019-03.csv.","chan":"stdout","logger":"task"}
{"timestamp":"2025-07-30T19:02:57.242130Z","level":"info","event":"Inserted 100000 rows from yellow_tripdata_2019-03.csv.","chan":"stdout","logger":"task"}
{"timestamp":"2025-07-30T19:02:58.780009Z","level":"info","event":"Inserted 32545 rows from yellow_tripdata_2019-03.csv.","chan":"stdout","logger":"task"}
{"timestamp":"2025-07-30T19:02:58.785026Z","level":"info","event":"Processing file: /opt/airflow/data/yellow_tripdata_2019/yellow_tripdata_2019-04.csv","chan":"stdout","logger":"task"}
{"timestamp":"2025-07-30T19:03:01.776018Z","level":"info","event":"Total rows: 7433139, Batches: 75","chan":"stdout","logger":"task"}
{"timestamp":"2025-07-30T19:03:06.919121Z","level":"info","event":"Inserted 100000 rows from yellow_tripdata_2019-04.csv.","chan":"stdout","logger":"task"}
{"timestamp":"2025-07-30T19:03:11.038660Z","level":"info","event":"Inserted 100000 rows from yellow_tripdata_2019-04.csv.","chan":"stdout","logger":"task"}
{"timestamp":"2025-07-30T19:03:14.639267Z","level":"info","event":"Inserted 100000 rows from yellow_tripdata_2019-04.csv.","chan":"stdout","logger":"task"}
{"timestamp":"2025-07-30T19:03:18.599291Z","level":"info","event":"Inserted 100000 rows from yellow_tripdata_2019-04.csv.","chan":"stdout","logger":"task"}
{"timestamp":"2025-07-30T19:03:21.834991Z","level":"info","event":"Inserted 100000 rows from yellow_tripdata_2019-04.csv.","chan":"stdout","logger":"task"}
{"timestamp":"2025-07-30T19:03:26.420832Z","level":"info","event":"Inserted 100000 rows from yellow_tripdata_2019-04.csv.","chan":"stdout","logger":"task"}
{"timestamp":"2025-07-30T19:03:30.307655Z","level":"info","event":"Inserted 100000 rows from yellow_tripdata_2019-04.csv.","chan":"stdout","logger":"task"}
{"timestamp":"2025-07-30T19:03:35.234166Z","level":"info","event":"Inserted 100000 rows from yellow_tripdata_2019-04.csv.","chan":"stdout","logger":"task"}
{"timestamp":"2025-07-30T19:03:38.859003Z","level":"info","event":"Inserted 100000 rows from yellow_tripdata_2019-04.csv.","chan":"stdout","logger":"task"}
{"timestamp":"2025-07-30T19:03:43.124716Z","level":"info","event":"Inserted 100000 rows from yellow_tripdata_2019-04.csv.","chan":"stdout","logger":"task"}
{"timestamp":"2025-07-30T19:03:46.556852Z","level":"info","event":"Inserted 100000 rows from yellow_tripdata_2019-04.csv.","chan":"stdout","logger":"task"}
{"timestamp":"2025-07-30T19:03:49.990263Z","level":"info","event":"Inserted 100000 rows from yellow_tripdata_2019-04.csv.","chan":"stdout","logger":"task"}
{"timestamp":"2025-07-30T19:03:53.125153Z","level":"info","event":"Inserted 100000 rows from yellow_tripdata_2019-04.csv.","chan":"stdout","logger":"task"}
{"timestamp":"2025-07-30T19:03:57.624542Z","level":"info","event":"Inserted 100000 rows from yellow_tripdata_2019-04.csv.","chan":"stdout","logger":"task"}
{"timestamp":"2025-07-30T19:04:01.489612Z","level":"info","event":"Inserted 100000 rows from yellow_tripdata_2019-04.csv.","chan":"stdout","logger":"task"}
{"timestamp":"2025-07-30T19:04:05.720780Z","level":"info","event":"Inserted 100000 rows from yellow_tripdata_2019-04.csv.","chan":"stdout","logger":"task"}
{"timestamp":"2025-07-30T19:04:09.388223Z","level":"info","event":"Inserted 100000 rows from yellow_tripdata_2019-04.csv.","chan":"stdout","logger":"task"}
{"timestamp":"2025-07-30T19:04:13.069232Z","level":"info","event":"Inserted 100000 rows from yellow_tripdata_2019-04.csv.","chan":"stdout","logger":"task"}
{"timestamp":"2025-07-30T19:04:16.620376Z","level":"info","event":"Inserted 100000 rows from yellow_tripdata_2019-04.csv.","chan":"stdout","logger":"task"}
{"timestamp":"2025-07-30T19:04:19.808306Z","level":"info","event":"Inserted 100000 rows from yellow_tripdata_2019-04.csv.","chan":"stdout","logger":"task"}
{"timestamp":"2025-07-30T19:04:23.075092Z","level":"info","event":"Inserted 100000 rows from yellow_tripdata_2019-04.csv.","chan":"stdout","logger":"task"}
{"timestamp":"2025-07-30T19:04:27.213377Z","level":"info","event":"Inserted 100000 rows from yellow_tripdata_2019-04.csv.","chan":"stdout","logger":"task"}
{"timestamp":"2025-07-30T19:04:32.026150Z","level":"info","event":"Inserted 100000 rows from yellow_tripdata_2019-04.csv.","chan":"stdout","logger":"task"}
{"timestamp":"2025-07-30T19:04:35.635418Z","level":"info","event":"Inserted 100000 rows from yellow_tripdata_2019-04.csv.","chan":"stdout","logger":"task"}
{"timestamp":"2025-07-30T19:04:39.027549Z","level":"info","event":"Inserted 100000 rows from yellow_tripdata_2019-04.csv.","chan":"stdout","logger":"task"}
{"timestamp":"2025-07-30T19:04:42.280381Z","level":"info","event":"Inserted 100000 rows from yellow_tripdata_2019-04.csv.","chan":"stdout","logger":"task"}
{"timestamp":"2025-07-30T19:04:45.445613Z","level":"info","event":"Inserted 100000 rows from yellow_tripdata_2019-04.csv.","chan":"stdout","logger":"task"}
{"timestamp":"2025-07-30T19:04:48.739275Z","level":"info","event":"Inserted 100000 rows from yellow_tripdata_2019-04.csv.","chan":"stdout","logger":"task"}
{"timestamp":"2025-07-30T19:04:52.444078Z","level":"info","event":"Inserted 100000 rows from yellow_tripdata_2019-04.csv.","chan":"stdout","logger":"task"}
{"timestamp":"2025-07-30T19:04:55.917836Z","level":"info","event":"Inserted 100000 rows from yellow_tripdata_2019-04.csv.","chan":"stdout","logger":"task"}
{"timestamp":"2025-07-30T19:04:59.860847Z","level":"info","event":"Inserted 100000 rows from yellow_tripdata_2019-04.csv.","chan":"stdout","logger":"task"}
{"timestamp":"2025-07-30T19:05:07.301126Z","level":"info","event":"Inserted 100000 rows from yellow_tripdata_2019-04.csv.","chan":"stdout","logger":"task"}
{"timestamp":"2025-07-30T19:05:11.153730Z","level":"info","event":"Inserted 100000 rows from yellow_tripdata_2019-04.csv.","chan":"stdout","logger":"task"}
{"timestamp":"2025-07-30T19:05:14.729470Z","level":"info","event":"Inserted 100000 rows from yellow_tripdata_2019-04.csv.","chan":"stdout","logger":"task"}
{"timestamp":"2025-07-30T19:05:18.966124Z","level":"info","event":"Inserted 100000 rows from yellow_tripdata_2019-04.csv.","chan":"stdout","logger":"task"}
{"timestamp":"2025-07-30T19:05:22.960243Z","level":"info","event":"Inserted 100000 rows from yellow_tripdata_2019-04.csv.","chan":"stdout","logger":"task"}
{"timestamp":"2025-07-30T19:05:26.965138Z","level":"info","event":"Inserted 100000 rows from yellow_tripdata_2019-04.csv.","chan":"stdout","logger":"task"}
{"timestamp":"2025-07-30T19:05:33.085153Z","level":"info","event":"Inserted 100000 rows from yellow_tripdata_2019-04.csv.","chan":"stdout","logger":"task"}
{"timestamp":"2025-07-30T19:05:40.971970Z","level":"info","event":"Inserted 100000 rows from yellow_tripdata_2019-04.csv.","chan":"stdout","logger":"task"}
{"timestamp":"2025-07-30T19:05:45.063022Z","level":"info","event":"Inserted 100000 rows from yellow_tripdata_2019-04.csv.","chan":"stdout","logger":"task"}
{"timestamp":"2025-07-30T19:05:50.521624Z","level":"info","event":"Inserted 100000 rows from yellow_tripdata_2019-04.csv.","chan":"stdout","logger":"task"}
{"timestamp":"2025-07-30T19:05:55.628419Z","level":"info","event":"Inserted 100000 rows from yellow_tripdata_2019-04.csv.","chan":"stdout","logger":"task"}
{"timestamp":"2025-07-30T19:05:59.929296Z","level":"info","event":"Inserted 100000 rows from yellow_tripdata_2019-04.csv.","chan":"stdout","logger":"task"}
{"timestamp":"2025-07-30T19:06:04.285624Z","level":"info","event":"Inserted 100000 rows from yellow_tripdata_2019-04.csv.","chan":"stdout","logger":"task"}
{"timestamp":"2025-07-30T19:06:09.547543Z","level":"info","event":"Inserted 100000 rows from yellow_tripdata_2019-04.csv.","chan":"stdout","logger":"task"}
{"timestamp":"2025-07-30T19:06:14.379695Z","level":"info","event":"Inserted 100000 rows from yellow_tripdata_2019-04.csv.","chan":"stdout","logger":"task"}
{"timestamp":"2025-07-30T19:06:18.814595Z","level":"info","event":"Inserted 100000 rows from yellow_tripdata_2019-04.csv.","chan":"stdout","logger":"task"}
{"timestamp":"2025-07-30T19:06:22.573381Z","level":"info","event":"Inserted 100000 rows from yellow_tripdata_2019-04.csv.","chan":"stdout","logger":"task"}
{"timestamp":"2025-07-30T19:06:26.865131Z","level":"info","event":"Inserted 100000 rows from yellow_tripdata_2019-04.csv.","chan":"stdout","logger":"task"}
{"timestamp":"2025-07-30T19:06:30.954155Z","level":"info","event":"Inserted 100000 rows from yellow_tripdata_2019-04.csv.","chan":"stdout","logger":"task"}
{"timestamp":"2025-07-30T19:06:34.720384Z","level":"info","event":"Inserted 100000 rows from yellow_tripdata_2019-04.csv.","chan":"stdout","logger":"task"}
{"timestamp":"2025-07-30T19:06:40.321995Z","level":"info","event":"Inserted 100000 rows from yellow_tripdata_2019-04.csv.","chan":"stdout","logger":"task"}
{"timestamp":"2025-07-30T19:06:43.792608Z","level":"info","event":"Inserted 100000 rows from yellow_tripdata_2019-04.csv.","chan":"stdout","logger":"task"}
{"timestamp":"2025-07-30T19:06:49.927691Z","level":"info","event":"Inserted 100000 rows from yellow_tripdata_2019-04.csv.","chan":"stdout","logger":"task"}
{"timestamp":"2025-07-30T19:06:53.537783Z","level":"info","event":"Inserted 100000 rows from yellow_tripdata_2019-04.csv.","chan":"stdout","logger":"task"}
{"timestamp":"2025-07-30T19:06:57.574988Z","level":"info","event":"Inserted 100000 rows from yellow_tripdata_2019-04.csv.","chan":"stdout","logger":"task"}
{"timestamp":"2025-07-30T19:07:02.610761Z","level":"info","event":"Inserted 100000 rows from yellow_tripdata_2019-04.csv.","chan":"stdout","logger":"task"}
{"timestamp":"2025-07-30T19:07:08.533189Z","level":"info","event":"Inserted 100000 rows from yellow_tripdata_2019-04.csv.","chan":"stdout","logger":"task"}
{"timestamp":"2025-07-30T19:07:13.031792Z","level":"info","event":"Inserted 100000 rows from yellow_tripdata_2019-04.csv.","chan":"stdout","logger":"task"}
