{"timestamp":"2025-07-27T14:43:12.857001","level":"info","event":"DAG bundles loaded: dags-folder, example_dags","logger":"airflow.dag_processing.bundles.manager.DagBundlesManager"}
{"timestamp":"2025-07-27T14:43:12.857428","level":"info","event":"Filling up the DagBag from /opt/airflow/dags/__pycache__/nyc_trip_etl_dag.py","logger":"airflow.models.dagbag.DagBag"}
{"timestamp":"2025-07-27T14:43:12.882362Z","level":"info","event":"Task instance is in running state","chan":"stdout","logger":"task"}
{"timestamp":"2025-07-27T14:43:12.882620Z","level":"info","event":" Previous state of the Task instance: TaskInstanceState.QUEUED","chan":"stdout","logger":"task"}
{"timestamp":"2025-07-27T14:43:12.882775Z","level":"info","event":"Current task name:load_csv_to_postgres","chan":"stdout","logger":"task"}
{"timestamp":"2025-07-27T14:43:12.882867Z","level":"info","event":"Dag name:nyc_trip_etl","chan":"stdout","logger":"task"}
{"timestamp":"2025-07-27T14:43:12.888050Z","level":"info","event":"Processing file: /opt/airflow/data/yellow_tripdata_2019/yellow_tripdata_2019-01.csv","chan":"stdout","logger":"task"}
{"timestamp":"2025-07-27T14:43:14.107880Z","level":"info","event":"Total rows: 7667792, Batches: 16","chan":"stdout","logger":"task"}
{"timestamp":"2025-07-27T14:43:14.759927Z","level":"info","event":"Inserted 500000 rows from yellow_tripdata_2019-01.csv.","chan":"stdout","logger":"task"}
{"timestamp":"2025-07-27T14:43:15.274465Z","level":"info","event":"Inserted 500000 rows from yellow_tripdata_2019-01.csv.","chan":"stdout","logger":"task"}
{"timestamp":"2025-07-27T14:43:15.771424Z","level":"info","event":"Inserted 500000 rows from yellow_tripdata_2019-01.csv.","chan":"stdout","logger":"task"}
{"timestamp":"2025-07-27T14:43:16.258718Z","level":"info","event":"Inserted 500000 rows from yellow_tripdata_2019-01.csv.","chan":"stdout","logger":"task"}
{"timestamp":"2025-07-27T14:43:16.744332Z","level":"info","event":"Inserted 500000 rows from yellow_tripdata_2019-01.csv.","chan":"stdout","logger":"task"}
{"timestamp":"2025-07-27T14:43:17.225648Z","level":"info","event":"Inserted 500000 rows from yellow_tripdata_2019-01.csv.","chan":"stdout","logger":"task"}
{"timestamp":"2025-07-27T14:43:17.716647Z","level":"info","event":"Inserted 500000 rows from yellow_tripdata_2019-01.csv.","chan":"stdout","logger":"task"}
{"timestamp":"2025-07-27T14:43:18.226636Z","level":"info","event":"Inserted 500000 rows from yellow_tripdata_2019-01.csv.","chan":"stdout","logger":"task"}
{"timestamp":"2025-07-27T14:43:18.798172Z","level":"info","event":"Inserted 500000 rows from yellow_tripdata_2019-01.csv.","chan":"stdout","logger":"task"}
{"timestamp":"2025-07-27T14:43:42.056846Z","level":"info","event":"Inserted 500000 rows from yellow_tripdata_2019-01.csv.","chan":"stdout","logger":"task"}
{"timestamp":"2025-07-27T14:45:00.447283Z","level":"info","event":"Inserted 500000 rows from yellow_tripdata_2019-01.csv.","chan":"stdout","logger":"task"}
{"timestamp":"2025-07-27T14:46:44.711170Z","level":"info","event":"Inserted 500000 rows from yellow_tripdata_2019-01.csv.","chan":"stdout","logger":"task"}
{"timestamp":"2025-07-27T14:48:30.683982Z","level":"info","event":"Inserted 500000 rows from yellow_tripdata_2019-01.csv.","chan":"stdout","logger":"task"}
{"timestamp":"2025-07-27T14:50:20.597931Z","level":"info","event":"Inserted 500000 rows from yellow_tripdata_2019-01.csv.","chan":"stdout","logger":"task"}
{"timestamp":"2025-07-27T14:52:55.048846Z","level":"info","event":"Inserted 500000 rows from yellow_tripdata_2019-01.csv.","chan":"stdout","logger":"task"}
