{"timestamp":"2025-07-30T19:05:33.749964","level":"info","event":"DAG bundles loaded: dags-folder, example_dags","logger":"airflow.dag_processing.bundles.manager.DagBundlesManager"}
{"timestamp":"2025-07-30T19:05:33.755636","level":"info","event":"Filling up the DagBag from /opt/airflow/dags/__pycache__/nyc_trip_etl_dag.py","logger":"airflow.models.dagbag.DagBag"}
{"timestamp":"2025-07-30T19:05:33.854569Z","level":"info","event":"Task instance is in running state","chan":"stdout","logger":"task"}
{"timestamp":"2025-07-30T19:05:33.854963Z","level":"info","event":" Previous state of the Task instance: TaskInstanceState.QUEUED","chan":"stdout","logger":"task"}
{"timestamp":"2025-07-30T19:05:33.855386Z","level":"info","event":"Current task name:load_csv_to_postgres","chan":"stdout","logger":"task"}
{"timestamp":"2025-07-30T19:05:33.855755Z","level":"info","event":"Dag name:nyc_trip_etl","chan":"stdout","logger":"task"}
{"timestamp":"2025-07-30T19:05:33.876556Z","level":"info","event":"Processing file: /opt/airflow/data/yellow_tripdata_2019/yellow_tripdata_2019-04.csv","chan":"stdout","logger":"task"}
{"timestamp":"2025-07-30T19:05:36.285300Z","level":"info","event":"Total rows: 7433139, Batches: 75","chan":"stdout","logger":"task"}
{"timestamp":"2025-07-30T19:05:42.168139Z","level":"info","event":"Inserted 100000 rows from yellow_tripdata_2019-04.csv.","chan":"stdout","logger":"task"}
{"timestamp":"2025-07-30T19:05:46.053506Z","level":"info","event":"Inserted 100000 rows from yellow_tripdata_2019-04.csv.","chan":"stdout","logger":"task"}
{"timestamp":"2025-07-30T19:05:51.514322Z","level":"info","event":"Inserted 100000 rows from yellow_tripdata_2019-04.csv.","chan":"stdout","logger":"task"}
{"timestamp":"2025-07-30T19:05:56.455712Z","level":"info","event":"Inserted 100000 rows from yellow_tripdata_2019-04.csv.","chan":"stdout","logger":"task"}
{"timestamp":"2025-07-30T19:06:00.943683Z","level":"info","event":"Inserted 100000 rows from yellow_tripdata_2019-04.csv.","chan":"stdout","logger":"task"}
{"timestamp":"2025-07-30T19:06:05.170452Z","level":"info","event":"Inserted 100000 rows from yellow_tripdata_2019-04.csv.","chan":"stdout","logger":"task"}
{"timestamp":"2025-07-30T19:06:09.999863Z","level":"info","event":"Inserted 100000 rows from yellow_tripdata_2019-04.csv.","chan":"stdout","logger":"task"}
{"timestamp":"2025-07-30T19:06:14.413515Z","level":"info","event":"Inserted 100000 rows from yellow_tripdata_2019-04.csv.","chan":"stdout","logger":"task"}
{"timestamp":"2025-07-30T19:06:18.624203Z","level":"info","event":"Inserted 100000 rows from yellow_tripdata_2019-04.csv.","chan":"stdout","logger":"task"}
{"timestamp":"2025-07-30T19:06:22.380749Z","level":"info","event":"Inserted 100000 rows from yellow_tripdata_2019-04.csv.","chan":"stdout","logger":"task"}
{"timestamp":"2025-07-30T19:06:26.605534Z","level":"info","event":"Inserted 100000 rows from yellow_tripdata_2019-04.csv.","chan":"stdout","logger":"task"}
{"timestamp":"2025-07-30T19:06:30.548554Z","level":"info","event":"Inserted 100000 rows from yellow_tripdata_2019-04.csv.","chan":"stdout","logger":"task"}
{"timestamp":"2025-07-30T19:06:34.168569Z","level":"info","event":"Inserted 100000 rows from yellow_tripdata_2019-04.csv.","chan":"stdout","logger":"task"}
{"timestamp":"2025-07-30T19:06:39.401990Z","level":"info","event":"Inserted 100000 rows from yellow_tripdata_2019-04.csv.","chan":"stdout","logger":"task"}
{"timestamp":"2025-07-30T19:06:43.040557Z","level":"info","event":"Inserted 100000 rows from yellow_tripdata_2019-04.csv.","chan":"stdout","logger":"task"}
{"timestamp":"2025-07-30T19:06:49.079570Z","level":"info","event":"Inserted 100000 rows from yellow_tripdata_2019-04.csv.","chan":"stdout","logger":"task"}
{"timestamp":"2025-07-30T19:06:52.721418Z","level":"info","event":"Inserted 100000 rows from yellow_tripdata_2019-04.csv.","chan":"stdout","logger":"task"}
{"timestamp":"2025-07-30T19:06:56.532266Z","level":"info","event":"Inserted 100000 rows from yellow_tripdata_2019-04.csv.","chan":"stdout","logger":"task"}
{"timestamp":"2025-07-30T19:07:01.431672Z","level":"info","event":"Inserted 100000 rows from yellow_tripdata_2019-04.csv.","chan":"stdout","logger":"task"}
{"timestamp":"2025-07-30T19:07:06.872132Z","level":"info","event":"Inserted 100000 rows from yellow_tripdata_2019-04.csv.","chan":"stdout","logger":"task"}
{"timestamp":"2025-07-30T19:07:11.448682Z","level":"info","event":"Inserted 100000 rows from yellow_tripdata_2019-04.csv.","chan":"stdout","logger":"task"}
