{"timestamp":"2025-07-30T18:50:01.970044","level":"info","event":"DAG bundles loaded: dags-folder, example_dags","logger":"airflow.dag_processing.bundles.manager.DagBundlesManager"}
{"timestamp":"2025-07-30T18:50:01.970320","level":"info","event":"Filling up the DagBag from /opt/airflow/dags/__pycache__/nyc_trip_etl_dag.py","logger":"airflow.models.dagbag.DagBag"}
{"timestamp":"2025-07-30T18:50:01.993595Z","level":"info","event":"Task instance is in running state","chan":"stdout","logger":"task"}
{"timestamp":"2025-07-30T18:50:01.993958Z","level":"info","event":" Previous state of the Task instance: TaskInstanceState.QUEUED","chan":"stdout","logger":"task"}
{"timestamp":"2025-07-30T18:50:01.994208Z","level":"info","event":"Current task name:load_csv_to_postgres","chan":"stdout","logger":"task"}
{"timestamp":"2025-07-30T18:50:01.994366Z","level":"info","event":"Dag name:nyc_trip_etl","chan":"stdout","logger":"task"}
{"timestamp":"2025-07-30T18:50:02.000179Z","level":"info","event":"Processing file: /opt/airflow/data/yellow_tripdata_2019/yellow_tripdata_2019-01.csv","chan":"stdout","logger":"task"}
{"timestamp":"2025-07-30T18:50:03.971259Z","level":"info","event":"Total rows: 7667792, Batches: 77","chan":"stdout","logger":"task"}
{"timestamp":"2025-07-30T18:50:04.569509Z","level":"info","event":"Inserted 1 rows from yellow_tripdata_2019-01.csv.","chan":"stdout","logger":"task"}
{"timestamp":"2025-07-30T18:50:05.022634Z","level":"info","event":"Inserted 0 rows from yellow_tripdata_2019-01.csv.","chan":"stdout","logger":"task"}
{"timestamp":"2025-07-30T18:50:05.175176Z","level":"info","event":"Inserted 0 rows from yellow_tripdata_2019-01.csv.","chan":"stdout","logger":"task"}
{"timestamp":"2025-07-30T18:50:05.297555Z","level":"info","event":"Inserted 0 rows from yellow_tripdata_2019-01.csv.","chan":"stdout","logger":"task"}
{"timestamp":"2025-07-30T18:50:05.415582Z","level":"info","event":"Inserted 0 rows from yellow_tripdata_2019-01.csv.","chan":"stdout","logger":"task"}
{"timestamp":"2025-07-30T18:50:05.549979Z","level":"info","event":"Inserted 4 rows from yellow_tripdata_2019-01.csv.","chan":"stdout","logger":"task"}
{"timestamp":"2025-07-30T18:50:05.695602Z","level":"info","event":"Inserted 0 rows from yellow_tripdata_2019-01.csv.","chan":"stdout","logger":"task"}
{"timestamp":"2025-07-30T18:50:05.848742Z","level":"info","event":"Inserted 0 rows from yellow_tripdata_2019-01.csv.","chan":"stdout","logger":"task"}
{"timestamp":"2025-07-30T18:50:06.061413Z","level":"info","event":"Inserted 4 rows from yellow_tripdata_2019-01.csv.","chan":"stdout","logger":"task"}
{"timestamp":"2025-07-30T18:50:06.191867Z","level":"info","event":"Inserted 0 rows from yellow_tripdata_2019-01.csv.","chan":"stdout","logger":"task"}
{"timestamp":"2025-07-30T18:50:06.316758Z","level":"info","event":"Inserted 0 rows from yellow_tripdata_2019-01.csv.","chan":"stdout","logger":"task"}
{"timestamp":"2025-07-30T18:50:06.591755Z","level":"info","event":"Inserted 0 rows from yellow_tripdata_2019-01.csv.","chan":"stdout","logger":"task"}
{"timestamp":"2025-07-30T18:50:06.763026Z","level":"info","event":"Inserted 0 rows from yellow_tripdata_2019-01.csv.","chan":"stdout","logger":"task"}
{"timestamp":"2025-07-30T18:50:06.910995Z","level":"info","event":"Inserted 0 rows from yellow_tripdata_2019-01.csv.","chan":"stdout","logger":"task"}
{"timestamp":"2025-07-30T18:50:07.068406Z","level":"info","event":"Inserted 0 rows from yellow_tripdata_2019-01.csv.","chan":"stdout","logger":"task"}
{"timestamp":"2025-07-30T18:50:07.415834Z","level":"info","event":"Inserted 0 rows from yellow_tripdata_2019-01.csv.","chan":"stdout","logger":"task"}
{"timestamp":"2025-07-30T18:50:07.783939Z","level":"info","event":"Inserted 0 rows from yellow_tripdata_2019-01.csv.","chan":"stdout","logger":"task"}
{"timestamp":"2025-07-30T18:50:08.027646Z","level":"info","event":"Inserted 0 rows from yellow_tripdata_2019-01.csv.","chan":"stdout","logger":"task"}
{"timestamp":"2025-07-30T18:50:08.175329Z","level":"info","event":"Inserted 0 rows from yellow_tripdata_2019-01.csv.","chan":"stdout","logger":"task"}
{"timestamp":"2025-07-30T18:50:08.319514Z","level":"info","event":"Inserted 0 rows from yellow_tripdata_2019-01.csv.","chan":"stdout","logger":"task"}
{"timestamp":"2025-07-30T18:50:08.447545Z","level":"info","event":"Inserted 0 rows from yellow_tripdata_2019-01.csv.","chan":"stdout","logger":"task"}
{"timestamp":"2025-07-30T18:50:08.593259Z","level":"info","event":"Inserted 0 rows from yellow_tripdata_2019-01.csv.","chan":"stdout","logger":"task"}
{"timestamp":"2025-07-30T18:50:08.764534Z","level":"info","event":"Inserted 0 rows from yellow_tripdata_2019-01.csv.","chan":"stdout","logger":"task"}
{"timestamp":"2025-07-30T18:50:08.960411Z","level":"info","event":"Inserted 0 rows from yellow_tripdata_2019-01.csv.","chan":"stdout","logger":"task"}
{"timestamp":"2025-07-30T18:50:09.230709Z","level":"info","event":"Inserted 0 rows from yellow_tripdata_2019-01.csv.","chan":"stdout","logger":"task"}
{"timestamp":"2025-07-30T18:50:09.453547Z","level":"info","event":"Inserted 0 rows from yellow_tripdata_2019-01.csv.","chan":"stdout","logger":"task"}
{"timestamp":"2025-07-30T18:50:09.680294Z","level":"info","event":"Inserted 0 rows from yellow_tripdata_2019-01.csv.","chan":"stdout","logger":"task"}
{"timestamp":"2025-07-30T18:50:09.927217Z","level":"info","event":"Inserted 0 rows from yellow_tripdata_2019-01.csv.","chan":"stdout","logger":"task"}
{"timestamp":"2025-07-30T18:50:10.170989Z","level":"info","event":"Inserted 0 rows from yellow_tripdata_2019-01.csv.","chan":"stdout","logger":"task"}
{"timestamp":"2025-07-30T18:50:10.331072Z","level":"info","event":"Inserted 0 rows from yellow_tripdata_2019-01.csv.","chan":"stdout","logger":"task"}
{"timestamp":"2025-07-30T18:50:10.465112Z","level":"info","event":"Inserted 0 rows from yellow_tripdata_2019-01.csv.","chan":"stdout","logger":"task"}
{"timestamp":"2025-07-30T18:50:10.630092Z","level":"info","event":"Inserted 0 rows from yellow_tripdata_2019-01.csv.","chan":"stdout","logger":"task"}
{"timestamp":"2025-07-30T18:50:10.796451Z","level":"info","event":"Inserted 0 rows from yellow_tripdata_2019-01.csv.","chan":"stdout","logger":"task"}
{"timestamp":"2025-07-30T18:50:10.914499Z","level":"info","event":"Inserted 0 rows from yellow_tripdata_2019-01.csv.","chan":"stdout","logger":"task"}
{"timestamp":"2025-07-30T18:50:11.061802Z","level":"info","event":"Inserted 0 rows from yellow_tripdata_2019-01.csv.","chan":"stdout","logger":"task"}
{"timestamp":"2025-07-30T18:50:11.188511Z","level":"info","event":"Inserted 1 rows from yellow_tripdata_2019-01.csv.","chan":"stdout","logger":"task"}
{"timestamp":"2025-07-30T18:50:11.381352Z","level":"info","event":"Inserted 0 rows from yellow_tripdata_2019-01.csv.","chan":"stdout","logger":"task"}
{"timestamp":"2025-07-30T18:50:11.568973Z","level":"info","event":"Inserted 0 rows from yellow_tripdata_2019-01.csv.","chan":"stdout","logger":"task"}
{"timestamp":"2025-07-30T18:50:11.728525Z","level":"info","event":"Inserted 0 rows from yellow_tripdata_2019-01.csv.","chan":"stdout","logger":"task"}
{"timestamp":"2025-07-30T18:50:11.917137Z","level":"info","event":"Inserted 0 rows from yellow_tripdata_2019-01.csv.","chan":"stdout","logger":"task"}
{"timestamp":"2025-07-30T18:50:12.106930Z","level":"info","event":"Inserted 0 rows from yellow_tripdata_2019-01.csv.","chan":"stdout","logger":"task"}
{"timestamp":"2025-07-30T18:50:12.333187Z","level":"info","event":"Inserted 10 rows from yellow_tripdata_2019-01.csv.","chan":"stdout","logger":"task"}
{"timestamp":"2025-07-30T18:50:12.482878Z","level":"info","event":"Inserted 25 rows from yellow_tripdata_2019-01.csv.","chan":"stdout","logger":"task"}
{"timestamp":"2025-07-30T18:50:12.652083Z","level":"info","event":"Inserted 17 rows from yellow_tripdata_2019-01.csv.","chan":"stdout","logger":"task"}
{"timestamp":"2025-07-30T18:50:12.800905Z","level":"info","event":"Inserted 0 rows from yellow_tripdata_2019-01.csv.","chan":"stdout","logger":"task"}
{"timestamp":"2025-07-30T18:50:12.952447Z","level":"info","event":"Inserted 2 rows from yellow_tripdata_2019-01.csv.","chan":"stdout","logger":"task"}
{"timestamp":"2025-07-30T18:50:13.113587Z","level":"info","event":"Inserted 19 rows from yellow_tripdata_2019-01.csv.","chan":"stdout","logger":"task"}
{"timestamp":"2025-07-30T18:50:13.250592Z","level":"info","event":"Inserted 96 rows from yellow_tripdata_2019-01.csv.","chan":"stdout","logger":"task"}
{"timestamp":"2025-07-30T18:50:15.657954Z","level":"info","event":"Inserted 59439 rows from yellow_tripdata_2019-01.csv.","chan":"stdout","logger":"task"}
{"timestamp":"2025-07-30T18:50:19.349549Z","level":"info","event":"Inserted 99200 rows from yellow_tripdata_2019-01.csv.","chan":"stdout","logger":"task"}
{"timestamp":"2025-07-30T18:50:23.898862Z","level":"info","event":"Inserted 99124 rows from yellow_tripdata_2019-01.csv.","chan":"stdout","logger":"task"}
{"timestamp":"2025-07-30T18:50:28.588462Z","level":"info","event":"Inserted 99055 rows from yellow_tripdata_2019-01.csv.","chan":"stdout","logger":"task"}
{"timestamp":"2025-07-30T18:50:32.323988Z","level":"info","event":"Inserted 99086 rows from yellow_tripdata_2019-01.csv.","chan":"stdout","logger":"task"}
{"timestamp":"2025-07-30T18:50:36.055034Z","level":"info","event":"Inserted 99113 rows from yellow_tripdata_2019-01.csv.","chan":"stdout","logger":"task"}
{"timestamp":"2025-07-30T18:50:39.732067Z","level":"info","event":"Inserted 98959 rows from yellow_tripdata_2019-01.csv.","chan":"stdout","logger":"task"}
{"timestamp":"2025-07-30T18:50:43.666784Z","level":"info","event":"Inserted 99093 rows from yellow_tripdata_2019-01.csv.","chan":"stdout","logger":"task"}
{"timestamp":"2025-07-30T18:50:47.958200Z","level":"info","event":"Inserted 99097 rows from yellow_tripdata_2019-01.csv.","chan":"stdout","logger":"task"}
{"timestamp":"2025-07-30T18:50:51.710960Z","level":"info","event":"Inserted 99107 rows from yellow_tripdata_2019-01.csv.","chan":"stdout","logger":"task"}
{"timestamp":"2025-07-30T18:50:55.397502Z","level":"info","event":"Inserted 99119 rows from yellow_tripdata_2019-01.csv.","chan":"stdout","logger":"task"}
{"timestamp":"2025-07-30T18:51:01.179071Z","level":"info","event":"Inserted 99135 rows from yellow_tripdata_2019-01.csv.","chan":"stdout","logger":"task"}
{"timestamp":"2025-07-30T18:51:05.966019Z","level":"info","event":"Inserted 99123 rows from yellow_tripdata_2019-01.csv.","chan":"stdout","logger":"task"}
{"timestamp":"2025-07-30T18:51:10.500417Z","level":"info","event":"Inserted 99093 rows from yellow_tripdata_2019-01.csv.","chan":"stdout","logger":"task"}
{"timestamp":"2025-07-30T18:51:15.944750Z","level":"info","event":"Inserted 99010 rows from yellow_tripdata_2019-01.csv.","chan":"stdout","logger":"task"}
{"timestamp":"2025-07-30T18:51:20.692376Z","level":"info","event":"Inserted 99023 rows from yellow_tripdata_2019-01.csv.","chan":"stdout","logger":"task"}
{"timestamp":"2025-07-30T18:51:25.687070Z","level":"info","event":"Inserted 99074 rows from yellow_tripdata_2019-01.csv.","chan":"stdout","logger":"task"}
{"timestamp":"2025-07-30T18:51:29.409042Z","level":"info","event":"Inserted 99064 rows from yellow_tripdata_2019-01.csv.","chan":"stdout","logger":"task"}
{"timestamp":"2025-07-30T18:51:35.429876Z","level":"info","event":"Inserted 99929 rows from yellow_tripdata_2019-01.csv.","chan":"stdout","logger":"task"}
{"timestamp":"2025-07-30T18:51:39.378342Z","level":"info","event":"Inserted 100000 rows from yellow_tripdata_2019-01.csv.","chan":"stdout","logger":"task"}
{"timestamp":"2025-07-30T18:51:43.798892Z","level":"info","event":"Inserted 100000 rows from yellow_tripdata_2019-01.csv.","chan":"stdout","logger":"task"}
{"timestamp":"2025-07-30T18:51:48.313907Z","level":"info","event":"Inserted 100000 rows from yellow_tripdata_2019-01.csv.","chan":"stdout","logger":"task"}
{"timestamp":"2025-07-30T18:51:52.600973Z","level":"info","event":"Inserted 100000 rows from yellow_tripdata_2019-01.csv.","chan":"stdout","logger":"task"}
{"timestamp":"2025-07-30T18:51:57.105394Z","level":"info","event":"Inserted 100000 rows from yellow_tripdata_2019-01.csv.","chan":"stdout","logger":"task"}
{"timestamp":"2025-07-30T18:52:01.015845Z","level":"info","event":"Inserted 100000 rows from yellow_tripdata_2019-01.csv.","chan":"stdout","logger":"task"}
{"timestamp":"2025-07-30T18:52:06.744642Z","level":"info","event":"Inserted 100000 rows from yellow_tripdata_2019-01.csv.","chan":"stdout","logger":"task"}
{"timestamp":"2025-07-30T18:52:11.124140Z","level":"info","event":"Inserted 100000 rows from yellow_tripdata_2019-01.csv.","chan":"stdout","logger":"task"}
{"timestamp":"2025-07-30T18:52:15.038748Z","level":"info","event":"Inserted 100000 rows from yellow_tripdata_2019-01.csv.","chan":"stdout","logger":"task"}
{"timestamp":"2025-07-30T18:52:17.260187Z","level":"info","event":"Inserted 67792 rows from yellow_tripdata_2019-01.csv.","chan":"stdout","logger":"task"}
{"timestamp":"2025-07-30T18:52:17.264633","level":"error","event":"Task failed with exception","logger":"task","error_detail":[{"exc_type":"UniqueViolation","exc_value":"duplicate key value violates unique constraint \"loaded_files_pkey\"\nDETAIL:  Key (filename)=(yellow_tripdata_2019-01.csv) already exists.\n","exc_notes":[],"syntax_error":null,"is_cause":false,"frames":[{"filename":"/home/airflow/.local/lib/python3.12/site-packages/airflow/sdk/execution_time/task_runner.py","lineno":877,"name":"run"},{"filename":"/home/airflow/.local/lib/python3.12/site-packages/airflow/sdk/execution_time/task_runner.py","lineno":1164,"name":"_execute_task"},{"filename":"/home/airflow/.local/lib/python3.12/site-packages/airflow/sdk/bases/operator.py","lineno":397,"name":"wrapper"},{"filename":"/home/airflow/.local/lib/python3.12/site-packages/airflow/providers/standard/operators/python.py","lineno":217,"name":"execute"},{"filename":"/home/airflow/.local/lib/python3.12/site-packages/airflow/providers/standard/operators/python.py","lineno":240,"name":"execute_callable"},{"filename":"/home/airflow/.local/lib/python3.12/site-packages/airflow/sdk/execution_time/callback_runner.py","lineno":81,"name":"run"},{"filename":"/opt/airflow/dags/scripts/load_csv_to_postgres.py","lineno":72,"name":"load_csv_to_postgres"}],"is_group":false,"exceptions":[]}]}
{"timestamp":"2025-07-30T18:52:17.325215Z","level":"info","event":"Task instance in failure state","chan":"stdout","logger":"task"}
{"timestamp":"2025-07-30T18:52:17.326551Z","level":"info","event":"Task start","chan":"stdout","logger":"task"}
{"timestamp":"2025-07-30T18:52:17.326725Z","level":"info","event":"Task:<Task(PythonOperator): load_csv_to_postgres>","chan":"stdout","logger":"task"}
{"timestamp":"2025-07-30T18:52:17.326830Z","level":"info","event":"Failure caused by duplicate key value violates unique constraint \"loaded_files_pkey\"","chan":"stdout","logger":"task"}
{"timestamp":"2025-07-30T18:52:17.326934Z","level":"info","event":"DETAIL:  Key (filename)=(yellow_tripdata_2019-01.csv) already exists.","chan":"stdout","logger":"task"}
{"timestamp":"2025-07-30T18:52:17.327037Z","level":"info","event":"","chan":"stdout","logger":"task"}
