{"timestamp":"2025-07-30T19:17:18.490908","level":"info","event":"DAG bundles loaded: dags-folder, example_dags","logger":"airflow.dag_processing.bundles.manager.DagBundlesManager"}
{"timestamp":"2025-07-30T19:17:18.491447","level":"info","event":"Filling up the DagBag from /opt/airflow/dags/__pycache__/nyc_trip_etl_dag.py","logger":"airflow.models.dagbag.DagBag"}
{"timestamp":"2025-07-30T19:17:19.070922Z","level":"info","event":"Task instance is in running state","chan":"stdout","logger":"task"}
{"timestamp":"2025-07-30T19:17:19.071958Z","level":"info","event":" Previous state of the Task instance: TaskInstanceState.QUEUED","chan":"stdout","logger":"task"}
{"timestamp":"2025-07-30T19:17:19.072512Z","level":"info","event":"Current task name:load_csv_to_postgres","chan":"stdout","logger":"task"}
{"timestamp":"2025-07-30T19:17:19.073694Z","level":"info","event":"Dag name:nyc_trip_etl","chan":"stdout","logger":"task"}
{"timestamp":"2025-07-30T19:17:19.092662Z","level":"info","event":"Skipping yellow_tripdata_2019-01.csv — already processed.","chan":"stdout","logger":"task"}
{"timestamp":"2025-07-30T19:17:19.093004Z","level":"info","event":"Skipping yellow_tripdata_2019-02.csv — already processed.","chan":"stdout","logger":"task"}
{"timestamp":"2025-07-30T19:17:19.093453Z","level":"info","event":"Skipping yellow_tripdata_2019-03.csv — already processed.","chan":"stdout","logger":"task"}
{"timestamp":"2025-07-30T19:17:19.093755Z","level":"info","event":"Processing file: /opt/airflow/data/yellow_tripdata_2019/yellow_tripdata_2019-04.csv","chan":"stdout","logger":"task"}
{"timestamp":"2025-07-30T19:17:20.977054Z","level":"info","event":"Total rows: 7433139, Batches: 75","chan":"stdout","logger":"task"}
{"timestamp":"2025-07-30T19:17:24.950290Z","level":"info","event":"Inserted 100000 rows from yellow_tripdata_2019-04.csv.","chan":"stdout","logger":"task"}
{"timestamp":"2025-07-30T19:17:29.532731Z","level":"info","event":"Inserted 100000 rows from yellow_tripdata_2019-04.csv.","chan":"stdout","logger":"task"}
{"timestamp":"2025-07-30T19:17:33.072111Z","level":"info","event":"Inserted 100000 rows from yellow_tripdata_2019-04.csv.","chan":"stdout","logger":"task"}
{"timestamp":"2025-07-30T19:17:36.584086Z","level":"info","event":"Inserted 100000 rows from yellow_tripdata_2019-04.csv.","chan":"stdout","logger":"task"}
{"timestamp":"2025-07-30T19:17:40.695384Z","level":"info","event":"Inserted 100000 rows from yellow_tripdata_2019-04.csv.","chan":"stdout","logger":"task"}
{"timestamp":"2025-07-30T19:17:43.831236Z","level":"info","event":"Inserted 100000 rows from yellow_tripdata_2019-04.csv.","chan":"stdout","logger":"task"}
{"timestamp":"2025-07-30T19:17:47.098210Z","level":"info","event":"Inserted 100000 rows from yellow_tripdata_2019-04.csv.","chan":"stdout","logger":"task"}
{"timestamp":"2025-07-30T19:17:50.185695Z","level":"info","event":"Inserted 100000 rows from yellow_tripdata_2019-04.csv.","chan":"stdout","logger":"task"}
{"timestamp":"2025-07-30T19:17:53.194532Z","level":"info","event":"Inserted 100000 rows from yellow_tripdata_2019-04.csv.","chan":"stdout","logger":"task"}
{"timestamp":"2025-07-30T19:17:56.213439Z","level":"info","event":"Inserted 100000 rows from yellow_tripdata_2019-04.csv.","chan":"stdout","logger":"task"}
{"timestamp":"2025-07-30T19:17:59.296721Z","level":"info","event":"Inserted 100000 rows from yellow_tripdata_2019-04.csv.","chan":"stdout","logger":"task"}
{"timestamp":"2025-07-30T19:18:02.533036Z","level":"info","event":"Inserted 100000 rows from yellow_tripdata_2019-04.csv.","chan":"stdout","logger":"task"}
{"timestamp":"2025-07-30T19:18:05.737855Z","level":"info","event":"Inserted 100000 rows from yellow_tripdata_2019-04.csv.","chan":"stdout","logger":"task"}
{"timestamp":"2025-07-30T19:18:09.231600Z","level":"info","event":"Inserted 100000 rows from yellow_tripdata_2019-04.csv.","chan":"stdout","logger":"task"}
{"timestamp":"2025-07-30T19:18:12.984703Z","level":"info","event":"Inserted 100000 rows from yellow_tripdata_2019-04.csv.","chan":"stdout","logger":"task"}
{"timestamp":"2025-07-30T19:18:16.296599Z","level":"info","event":"Inserted 100000 rows from yellow_tripdata_2019-04.csv.","chan":"stdout","logger":"task"}
