{"timestamp":"2025-07-27T14:46:47.044335","level":"info","event":"DAG bundles loaded: dags-folder, example_dags","logger":"airflow.dag_processing.bundles.manager.DagBundlesManager"}
{"timestamp":"2025-07-27T14:46:47.046738","level":"info","event":"Filling up the DagBag from /opt/airflow/dags/__pycache__/nyc_trip_etl_dag.py","logger":"airflow.models.dagbag.DagBag"}
{"timestamp":"2025-07-27T14:46:47.127285Z","level":"info","event":"Task instance is in running state","chan":"stdout","logger":"task"}
{"timestamp":"2025-07-27T14:46:47.127622Z","level":"info","event":" Previous state of the Task instance: TaskInstanceState.QUEUED","chan":"stdout","logger":"task"}
{"timestamp":"2025-07-27T14:46:47.127777Z","level":"info","event":"Current task name:load_csv_to_postgres","chan":"stdout","logger":"task"}
{"timestamp":"2025-07-27T14:46:47.127923Z","level":"info","event":"Dag name:nyc_trip_etl","chan":"stdout","logger":"task"}
{"timestamp":"2025-07-27T14:46:47.134563Z","level":"info","event":"Processing file: /opt/airflow/data/yellow_tripdata_2019/yellow_tripdata_2019-01.csv","chan":"stdout","logger":"task"}
{"timestamp":"2025-07-27T14:46:48.778400Z","level":"info","event":"Total rows: 7667792, Batches: 16","chan":"stdout","logger":"task"}
{"timestamp":"2025-07-27T14:46:49.689490Z","level":"info","event":"Inserted 500000 rows from yellow_tripdata_2019-01.csv.","chan":"stdout","logger":"task"}
{"timestamp":"2025-07-27T14:46:50.277486Z","level":"info","event":"Inserted 500000 rows from yellow_tripdata_2019-01.csv.","chan":"stdout","logger":"task"}
{"timestamp":"2025-07-27T14:46:50.853320Z","level":"info","event":"Inserted 500000 rows from yellow_tripdata_2019-01.csv.","chan":"stdout","logger":"task"}
{"timestamp":"2025-07-27T14:46:51.456376Z","level":"info","event":"Inserted 500000 rows from yellow_tripdata_2019-01.csv.","chan":"stdout","logger":"task"}
{"timestamp":"2025-07-27T14:46:52.010794Z","level":"info","event":"Inserted 500000 rows from yellow_tripdata_2019-01.csv.","chan":"stdout","logger":"task"}
{"timestamp":"2025-07-27T14:46:52.641108Z","level":"info","event":"Inserted 500000 rows from yellow_tripdata_2019-01.csv.","chan":"stdout","logger":"task"}
{"timestamp":"2025-07-27T14:46:53.309756Z","level":"info","event":"Inserted 500000 rows from yellow_tripdata_2019-01.csv.","chan":"stdout","logger":"task"}
{"timestamp":"2025-07-27T14:46:54.494914Z","level":"info","event":"Inserted 500000 rows from yellow_tripdata_2019-01.csv.","chan":"stdout","logger":"task"}
{"timestamp":"2025-07-27T14:46:55.499665Z","level":"info","event":"Inserted 500000 rows from yellow_tripdata_2019-01.csv.","chan":"stdout","logger":"task"}
{"timestamp":"2025-07-27T14:47:25.552512Z","level":"info","event":"Inserted 500000 rows from yellow_tripdata_2019-01.csv.","chan":"stdout","logger":"task"}
{"timestamp":"2025-07-27T14:48:55.076741Z","level":"info","event":"Inserted 500000 rows from yellow_tripdata_2019-01.csv.","chan":"stdout","logger":"task"}
{"timestamp":"2025-07-27T14:50:26.919855Z","level":"info","event":"Inserted 500000 rows from yellow_tripdata_2019-01.csv.","chan":"stdout","logger":"task"}
{"timestamp":"2025-07-27T14:52:22.190399Z","level":"info","event":"Inserted 500000 rows from yellow_tripdata_2019-01.csv.","chan":"stdout","logger":"task"}
