{"timestamp":"2025-07-28T13:19:13.882558","level":"info","event":"DAG bundles loaded: dags-folder, example_dags","logger":"airflow.dag_processing.bundles.manager.DagBundlesManager"}
{"timestamp":"2025-07-28T13:19:13.884546","level":"info","event":"Filling up the DagBag from /opt/airflow/dags/__pycache__/nyc_trip_etl_dag.py","logger":"airflow.models.dagbag.DagBag"}
{"timestamp":"2025-07-28T13:19:13.929702Z","level":"info","event":"Task instance is in running state","chan":"stdout","logger":"task"}
{"timestamp":"2025-07-28T13:19:13.929916Z","level":"info","event":" Previous state of the Task instance: TaskInstanceState.QUEUED","chan":"stdout","logger":"task"}
{"timestamp":"2025-07-28T13:19:13.930187Z","level":"info","event":"Current task name:load_csv_to_postgres","chan":"stdout","logger":"task"}
{"timestamp":"2025-07-28T13:19:13.930326Z","level":"info","event":"Dag name:nyc_trip_etl","chan":"stdout","logger":"task"}
{"timestamp":"2025-07-28T13:19:13.949912Z","level":"info","event":"Processing file: /opt/airflow/data/yellow_tripdata_2019/yellow_tripdata_2019-01.csv","chan":"stdout","logger":"task"}
{"timestamp":"2025-07-28T13:19:18.127162Z","level":"info","event":"Total rows: 7667792, Batches: 77","chan":"stdout","logger":"task"}
{"timestamp":"2025-07-28T13:19:18.722945Z","level":"info","event":"Inserted 100000 rows from yellow_tripdata_2019-01.csv.","chan":"stdout","logger":"task"}
{"timestamp":"2025-07-28T13:19:18.931498Z","level":"info","event":"Inserted 100000 rows from yellow_tripdata_2019-01.csv.","chan":"stdout","logger":"task"}
{"timestamp":"2025-07-28T13:19:19.669213Z","level":"info","event":"Inserted 100000 rows from yellow_tripdata_2019-01.csv.","chan":"stdout","logger":"task"}
{"timestamp":"2025-07-28T13:19:19.669778Z","level":"info","event":"Inserted 100000 rows from yellow_tripdata_2019-01.csv.","chan":"stdout","logger":"task"}
{"timestamp":"2025-07-28T13:19:19.701557Z","level":"info","event":"Inserted 100000 rows from yellow_tripdata_2019-01.csv.","chan":"stdout","logger":"task"}
{"timestamp":"2025-07-28T13:19:19.889774Z","level":"info","event":"Inserted 100000 rows from yellow_tripdata_2019-01.csv.","chan":"stdout","logger":"task"}
{"timestamp":"2025-07-28T13:19:20.107489Z","level":"info","event":"Inserted 100000 rows from yellow_tripdata_2019-01.csv.","chan":"stdout","logger":"task"}
{"timestamp":"2025-07-28T13:19:20.301618Z","level":"info","event":"Inserted 100000 rows from yellow_tripdata_2019-01.csv.","chan":"stdout","logger":"task"}
{"timestamp":"2025-07-28T13:19:20.540482Z","level":"info","event":"Inserted 100000 rows from yellow_tripdata_2019-01.csv.","chan":"stdout","logger":"task"}
{"timestamp":"2025-07-28T13:19:20.696359Z","level":"info","event":"Inserted 100000 rows from yellow_tripdata_2019-01.csv.","chan":"stdout","logger":"task"}
{"timestamp":"2025-07-28T13:19:20.892665Z","level":"info","event":"Inserted 100000 rows from yellow_tripdata_2019-01.csv.","chan":"stdout","logger":"task"}
{"timestamp":"2025-07-28T13:19:21.094536Z","level":"info","event":"Inserted 100000 rows from yellow_tripdata_2019-01.csv.","chan":"stdout","logger":"task"}
{"timestamp":"2025-07-28T13:19:21.405840Z","level":"info","event":"Inserted 100000 rows from yellow_tripdata_2019-01.csv.","chan":"stdout","logger":"task"}
{"timestamp":"2025-07-28T13:19:21.523372Z","level":"info","event":"Inserted 100000 rows from yellow_tripdata_2019-01.csv.","chan":"stdout","logger":"task"}
{"timestamp":"2025-07-28T13:19:21.639087Z","level":"info","event":"Inserted 100000 rows from yellow_tripdata_2019-01.csv.","chan":"stdout","logger":"task"}
{"timestamp":"2025-07-28T13:19:21.764166Z","level":"info","event":"Inserted 100000 rows from yellow_tripdata_2019-01.csv.","chan":"stdout","logger":"task"}
{"timestamp":"2025-07-28T13:19:21.903860Z","level":"info","event":"Inserted 100000 rows from yellow_tripdata_2019-01.csv.","chan":"stdout","logger":"task"}
{"timestamp":"2025-07-28T13:19:22.076785Z","level":"info","event":"Inserted 100000 rows from yellow_tripdata_2019-01.csv.","chan":"stdout","logger":"task"}
{"timestamp":"2025-07-28T13:19:22.195632Z","level":"info","event":"Inserted 100000 rows from yellow_tripdata_2019-01.csv.","chan":"stdout","logger":"task"}
{"timestamp":"2025-07-28T13:19:22.315522Z","level":"info","event":"Inserted 100000 rows from yellow_tripdata_2019-01.csv.","chan":"stdout","logger":"task"}
{"timestamp":"2025-07-28T13:19:22.454347Z","level":"info","event":"Inserted 100000 rows from yellow_tripdata_2019-01.csv.","chan":"stdout","logger":"task"}
{"timestamp":"2025-07-28T13:19:22.592878Z","level":"info","event":"Inserted 100000 rows from yellow_tripdata_2019-01.csv.","chan":"stdout","logger":"task"}
{"timestamp":"2025-07-28T13:19:22.711361Z","level":"info","event":"Inserted 100000 rows from yellow_tripdata_2019-01.csv.","chan":"stdout","logger":"task"}
{"timestamp":"2025-07-28T13:19:22.834436Z","level":"info","event":"Inserted 100000 rows from yellow_tripdata_2019-01.csv.","chan":"stdout","logger":"task"}
{"timestamp":"2025-07-28T13:19:22.950270Z","level":"info","event":"Inserted 100000 rows from yellow_tripdata_2019-01.csv.","chan":"stdout","logger":"task"}
{"timestamp":"2025-07-28T13:19:23.071670Z","level":"info","event":"Inserted 100000 rows from yellow_tripdata_2019-01.csv.","chan":"stdout","logger":"task"}
{"timestamp":"2025-07-28T13:19:23.207026Z","level":"info","event":"Inserted 100000 rows from yellow_tripdata_2019-01.csv.","chan":"stdout","logger":"task"}
{"timestamp":"2025-07-28T13:19:23.332012Z","level":"info","event":"Inserted 100000 rows from yellow_tripdata_2019-01.csv.","chan":"stdout","logger":"task"}
{"timestamp":"2025-07-28T13:19:23.500840Z","level":"info","event":"Inserted 100000 rows from yellow_tripdata_2019-01.csv.","chan":"stdout","logger":"task"}
{"timestamp":"2025-07-28T13:19:23.628479Z","level":"info","event":"Inserted 100000 rows from yellow_tripdata_2019-01.csv.","chan":"stdout","logger":"task"}
{"timestamp":"2025-07-28T13:19:23.789574Z","level":"info","event":"Inserted 100000 rows from yellow_tripdata_2019-01.csv.","chan":"stdout","logger":"task"}
{"timestamp":"2025-07-28T13:19:23.987716Z","level":"info","event":"Inserted 100000 rows from yellow_tripdata_2019-01.csv.","chan":"stdout","logger":"task"}
{"timestamp":"2025-07-28T13:19:24.121632Z","level":"info","event":"Inserted 100000 rows from yellow_tripdata_2019-01.csv.","chan":"stdout","logger":"task"}
{"timestamp":"2025-07-28T13:19:24.261672Z","level":"info","event":"Inserted 100000 rows from yellow_tripdata_2019-01.csv.","chan":"stdout","logger":"task"}
{"timestamp":"2025-07-28T13:19:24.401921Z","level":"info","event":"Inserted 100000 rows from yellow_tripdata_2019-01.csv.","chan":"stdout","logger":"task"}
{"timestamp":"2025-07-28T13:19:24.566373Z","level":"info","event":"Inserted 100000 rows from yellow_tripdata_2019-01.csv.","chan":"stdout","logger":"task"}
{"timestamp":"2025-07-28T13:19:24.708323Z","level":"info","event":"Inserted 100000 rows from yellow_tripdata_2019-01.csv.","chan":"stdout","logger":"task"}
{"timestamp":"2025-07-28T13:19:24.855289Z","level":"info","event":"Inserted 100000 rows from yellow_tripdata_2019-01.csv.","chan":"stdout","logger":"task"}
{"timestamp":"2025-07-28T13:19:25.012891Z","level":"info","event":"Inserted 100000 rows from yellow_tripdata_2019-01.csv.","chan":"stdout","logger":"task"}
{"timestamp":"2025-07-28T13:19:25.127173Z","level":"info","event":"Inserted 100000 rows from yellow_tripdata_2019-01.csv.","chan":"stdout","logger":"task"}
{"timestamp":"2025-07-28T13:19:25.242507Z","level":"info","event":"Inserted 100000 rows from yellow_tripdata_2019-01.csv.","chan":"stdout","logger":"task"}
{"timestamp":"2025-07-28T13:19:25.368244Z","level":"info","event":"Inserted 100000 rows from yellow_tripdata_2019-01.csv.","chan":"stdout","logger":"task"}
{"timestamp":"2025-07-28T13:19:25.510444Z","level":"info","event":"Inserted 100000 rows from yellow_tripdata_2019-01.csv.","chan":"stdout","logger":"task"}
{"timestamp":"2025-07-28T13:19:25.633080Z","level":"info","event":"Inserted 100000 rows from yellow_tripdata_2019-01.csv.","chan":"stdout","logger":"task"}
{"timestamp":"2025-07-28T13:19:25.784280Z","level":"info","event":"Inserted 100000 rows from yellow_tripdata_2019-01.csv.","chan":"stdout","logger":"task"}
{"timestamp":"2025-07-28T13:19:25.978872Z","level":"info","event":"Inserted 100000 rows from yellow_tripdata_2019-01.csv.","chan":"stdout","logger":"task"}
{"timestamp":"2025-07-28T13:19:26.119570Z","level":"info","event":"Inserted 100000 rows from yellow_tripdata_2019-01.csv.","chan":"stdout","logger":"task"}
{"timestamp":"2025-07-28T13:19:26.267218Z","level":"info","event":"Inserted 100000 rows from yellow_tripdata_2019-01.csv.","chan":"stdout","logger":"task"}
{"timestamp":"2025-07-28T13:19:36.478992Z","level":"info","event":"Inserted 100000 rows from yellow_tripdata_2019-01.csv.","chan":"stdout","logger":"task"}
{"timestamp":"2025-07-28T13:19:54.321337Z","level":"info","event":"Inserted 100000 rows from yellow_tripdata_2019-01.csv.","chan":"stdout","logger":"task"}
{"timestamp":"2025-07-28T13:20:09.651344Z","level":"info","event":"Inserted 100000 rows from yellow_tripdata_2019-01.csv.","chan":"stdout","logger":"task"}
{"timestamp":"2025-07-28T13:20:23.229956Z","level":"info","event":"Inserted 100000 rows from yellow_tripdata_2019-01.csv.","chan":"stdout","logger":"task"}
{"timestamp":"2025-07-28T13:20:38.910854Z","level":"info","event":"Inserted 100000 rows from yellow_tripdata_2019-01.csv.","chan":"stdout","logger":"task"}
{"timestamp":"2025-07-28T13:20:53.950629Z","level":"info","event":"Inserted 100000 rows from yellow_tripdata_2019-01.csv.","chan":"stdout","logger":"task"}
{"timestamp":"2025-07-28T13:21:10.578042Z","level":"info","event":"Inserted 100000 rows from yellow_tripdata_2019-01.csv.","chan":"stdout","logger":"task"}
{"timestamp":"2025-07-28T13:21:24.709769Z","level":"info","event":"Inserted 100000 rows from yellow_tripdata_2019-01.csv.","chan":"stdout","logger":"task"}
{"timestamp":"2025-07-28T13:21:40.513383Z","level":"info","event":"Inserted 100000 rows from yellow_tripdata_2019-01.csv.","chan":"stdout","logger":"task"}
{"timestamp":"2025-07-28T13:21:54.897331Z","level":"info","event":"Inserted 100000 rows from yellow_tripdata_2019-01.csv.","chan":"stdout","logger":"task"}
{"timestamp":"2025-07-28T13:22:12.201683Z","level":"info","event":"Inserted 100000 rows from yellow_tripdata_2019-01.csv.","chan":"stdout","logger":"task"}
{"timestamp":"2025-07-28T13:22:26.778828Z","level":"info","event":"Inserted 100000 rows from yellow_tripdata_2019-01.csv.","chan":"stdout","logger":"task"}
{"timestamp":"2025-07-28T13:22:42.624806Z","level":"info","event":"Inserted 100000 rows from yellow_tripdata_2019-01.csv.","chan":"stdout","logger":"task"}
{"timestamp":"2025-07-28T13:22:56.861035Z","level":"info","event":"Inserted 100000 rows from yellow_tripdata_2019-01.csv.","chan":"stdout","logger":"task"}
{"timestamp":"2025-07-28T13:23:13.825915Z","level":"info","event":"Inserted 100000 rows from yellow_tripdata_2019-01.csv.","chan":"stdout","logger":"task"}
{"timestamp":"2025-07-28T13:23:28.231212Z","level":"info","event":"Inserted 100000 rows from yellow_tripdata_2019-01.csv.","chan":"stdout","logger":"task"}
{"timestamp":"2025-07-28T13:23:45.323398Z","level":"info","event":"Inserted 100000 rows from yellow_tripdata_2019-01.csv.","chan":"stdout","logger":"task"}
{"timestamp":"2025-07-28T13:23:59.671354Z","level":"info","event":"Inserted 100000 rows from yellow_tripdata_2019-01.csv.","chan":"stdout","logger":"task"}
{"timestamp":"2025-07-28T13:24:17.074528Z","level":"info","event":"Inserted 100000 rows from yellow_tripdata_2019-01.csv.","chan":"stdout","logger":"task"}
{"timestamp":"2025-07-28T13:24:30.871797Z","level":"info","event":"Inserted 100000 rows from yellow_tripdata_2019-01.csv.","chan":"stdout","logger":"task"}
{"timestamp":"2025-07-28T13:24:47.085381Z","level":"info","event":"Inserted 100000 rows from yellow_tripdata_2019-01.csv.","chan":"stdout","logger":"task"}
{"timestamp":"2025-07-28T13:25:03.842244Z","level":"info","event":"Inserted 100000 rows from yellow_tripdata_2019-01.csv.","chan":"stdout","logger":"task"}
{"timestamp":"2025-07-28T13:25:28.779214Z","level":"info","event":"Inserted 100000 rows from yellow_tripdata_2019-01.csv.","chan":"stdout","logger":"task"}
{"timestamp":"2025-07-28T13:25:48.396925Z","level":"info","event":"Inserted 100000 rows from yellow_tripdata_2019-01.csv.","chan":"stdout","logger":"task"}
{"timestamp":"2025-07-28T13:26:05.435964Z","level":"info","event":"Inserted 100000 rows from yellow_tripdata_2019-01.csv.","chan":"stdout","logger":"task"}
{"timestamp":"2025-07-28T13:26:24.486751Z","level":"info","event":"Inserted 100000 rows from yellow_tripdata_2019-01.csv.","chan":"stdout","logger":"task"}
{"timestamp":"2025-07-28T13:26:42.652203Z","level":"info","event":"Inserted 100000 rows from yellow_tripdata_2019-01.csv.","chan":"stdout","logger":"task"}
{"timestamp":"2025-07-28T13:27:01.417761Z","level":"info","event":"Inserted 100000 rows from yellow_tripdata_2019-01.csv.","chan":"stdout","logger":"task"}
{"timestamp":"2025-07-28T13:27:16.860315Z","level":"info","event":"Inserted 100000 rows from yellow_tripdata_2019-01.csv.","chan":"stdout","logger":"task"}
{"timestamp":"2025-07-28T13:27:16.862983Z","level":"info","event":"Processing file: /opt/airflow/data/yellow_tripdata_2019/yellow_tripdata_2019-02.csv","chan":"stdout","logger":"task"}
{"timestamp":"2025-07-28T13:27:20.244318Z","level":"info","event":"Total rows: 7019375, Batches: 71","chan":"stdout","logger":"task"}
{"timestamp":"2025-07-28T13:27:45.694418Z","level":"info","event":"Inserted 100000 rows from yellow_tripdata_2019-02.csv.","chan":"stdout","logger":"task"}
{"timestamp":"2025-07-28T13:28:08.936261Z","level":"info","event":"Inserted 100000 rows from yellow_tripdata_2019-02.csv.","chan":"stdout","logger":"task"}
{"timestamp":"2025-07-28T13:28:33.006992Z","level":"info","event":"Inserted 100000 rows from yellow_tripdata_2019-02.csv.","chan":"stdout","logger":"task"}
{"timestamp":"2025-07-28T13:28:56.929154Z","level":"info","event":"Inserted 100000 rows from yellow_tripdata_2019-02.csv.","chan":"stdout","logger":"task"}
{"timestamp":"2025-07-28T13:29:18.183380Z","level":"info","event":"Inserted 100000 rows from yellow_tripdata_2019-02.csv.","chan":"stdout","logger":"task"}
{"timestamp":"2025-07-28T13:29:38.681589Z","level":"info","event":"Inserted 100000 rows from yellow_tripdata_2019-02.csv.","chan":"stdout","logger":"task"}
{"timestamp":"2025-07-28T13:30:00.897658Z","level":"info","event":"Inserted 100000 rows from yellow_tripdata_2019-02.csv.","chan":"stdout","logger":"task"}
{"timestamp":"2025-07-28T13:30:30.037289Z","level":"info","event":"Inserted 100000 rows from yellow_tripdata_2019-02.csv.","chan":"stdout","logger":"task"}
{"timestamp":"2025-07-28T13:30:58.679421Z","level":"info","event":"Inserted 100000 rows from yellow_tripdata_2019-02.csv.","chan":"stdout","logger":"task"}
{"timestamp":"2025-07-28T13:31:28.607363Z","level":"info","event":"Inserted 100000 rows from yellow_tripdata_2019-02.csv.","chan":"stdout","logger":"task"}
{"timestamp":"2025-07-28T13:32:01.622746Z","level":"info","event":"Inserted 100000 rows from yellow_tripdata_2019-02.csv.","chan":"stdout","logger":"task"}
{"timestamp":"2025-07-28T13:32:31.858387Z","level":"info","event":"Inserted 100000 rows from yellow_tripdata_2019-02.csv.","chan":"stdout","logger":"task"}
{"timestamp":"2025-07-28T13:33:05.289885Z","level":"info","event":"Inserted 100000 rows from yellow_tripdata_2019-02.csv.","chan":"stdout","logger":"task"}
{"timestamp":"2025-07-28T13:33:32.252657Z","level":"info","event":"Inserted 100000 rows from yellow_tripdata_2019-02.csv.","chan":"stdout","logger":"task"}
{"timestamp":"2025-07-28T13:34:02.410128Z","level":"info","event":"Inserted 100000 rows from yellow_tripdata_2019-02.csv.","chan":"stdout","logger":"task"}
{"timestamp":"2025-07-28T13:34:27.131137Z","level":"info","event":"Inserted 100000 rows from yellow_tripdata_2019-02.csv.","chan":"stdout","logger":"task"}
{"timestamp":"2025-07-28T13:34:52.704802Z","level":"info","event":"Inserted 100000 rows from yellow_tripdata_2019-02.csv.","chan":"stdout","logger":"task"}
{"timestamp":"2025-07-28T13:35:37.748528Z","level":"info","event":"Inserted 100000 rows from yellow_tripdata_2019-02.csv.","chan":"stdout","logger":"task"}
{"timestamp":"2025-07-28T13:36:10.444851Z","level":"info","event":"Inserted 100000 rows from yellow_tripdata_2019-02.csv.","chan":"stdout","logger":"task"}
{"timestamp":"2025-07-28T13:36:41.624774Z","level":"info","event":"Inserted 100000 rows from yellow_tripdata_2019-02.csv.","chan":"stdout","logger":"task"}
{"timestamp":"2025-07-28T13:37:16.373075Z","level":"info","event":"Inserted 100000 rows from yellow_tripdata_2019-02.csv.","chan":"stdout","logger":"task"}
{"timestamp":"2025-07-28T13:37:48.268402Z","level":"info","event":"Inserted 100000 rows from yellow_tripdata_2019-02.csv.","chan":"stdout","logger":"task"}
{"timestamp":"2025-07-28T13:38:23.385901Z","level":"info","event":"Inserted 100000 rows from yellow_tripdata_2019-02.csv.","chan":"stdout","logger":"task"}
{"timestamp":"2025-07-28T13:38:54.961347Z","level":"info","event":"Inserted 100000 rows from yellow_tripdata_2019-02.csv.","chan":"stdout","logger":"task"}
{"timestamp":"2025-07-28T13:39:29.181049Z","level":"info","event":"Inserted 100000 rows from yellow_tripdata_2019-02.csv.","chan":"stdout","logger":"task"}
{"timestamp":"2025-07-28T13:40:13.196366Z","level":"info","event":"Inserted 100000 rows from yellow_tripdata_2019-02.csv.","chan":"stdout","logger":"task"}
{"timestamp":"2025-07-28T13:41:30.808749Z","level":"info","event":"Inserted 100000 rows from yellow_tripdata_2019-02.csv.","chan":"stdout","logger":"task"}
{"timestamp":"2025-07-28T13:42:27.302718Z","level":"info","event":"Inserted 100000 rows from yellow_tripdata_2019-02.csv.","chan":"stdout","logger":"task"}
{"timestamp":"2025-07-28T13:43:09.854155Z","level":"info","event":"Inserted 100000 rows from yellow_tripdata_2019-02.csv.","chan":"stdout","logger":"task"}
{"timestamp":"2025-07-28T13:43:53.759336Z","level":"info","event":"Inserted 100000 rows from yellow_tripdata_2019-02.csv.","chan":"stdout","logger":"task"}
{"timestamp":"2025-07-28T13:44:33.687658Z","level":"info","event":"Inserted 100000 rows from yellow_tripdata_2019-02.csv.","chan":"stdout","logger":"task"}
{"timestamp":"2025-07-28T13:45:15.185095Z","level":"info","event":"Inserted 100000 rows from yellow_tripdata_2019-02.csv.","chan":"stdout","logger":"task"}
{"timestamp":"2025-07-28T13:46:02.403104Z","level":"info","event":"Inserted 100000 rows from yellow_tripdata_2019-02.csv.","chan":"stdout","logger":"task"}
{"timestamp":"2025-07-28T13:46:42.078141Z","level":"info","event":"Inserted 100000 rows from yellow_tripdata_2019-02.csv.","chan":"stdout","logger":"task"}
