{"timestamp":"2025-07-27T14:45:01.039029","level":"info","event":"DAG bundles loaded: dags-folder, example_dags","logger":"airflow.dag_processing.bundles.manager.DagBundlesManager"}
{"timestamp":"2025-07-27T14:45:01.039578","level":"info","event":"Filling up the DagBag from /opt/airflow/dags/__pycache__/nyc_trip_etl_dag.py","logger":"airflow.models.dagbag.DagBag"}
{"timestamp":"2025-07-27T14:45:01.073111Z","level":"info","event":"Task instance is in running state","chan":"stdout","logger":"task"}
{"timestamp":"2025-07-27T14:45:01.073371Z","level":"info","event":" Previous state of the Task instance: TaskInstanceState.QUEUED","chan":"stdout","logger":"task"}
{"timestamp":"2025-07-27T14:45:01.073535Z","level":"info","event":"Current task name:load_csv_to_postgres","chan":"stdout","logger":"task"}
{"timestamp":"2025-07-27T14:45:01.073897Z","level":"info","event":"Dag name:nyc_trip_etl","chan":"stdout","logger":"task"}
{"timestamp":"2025-07-27T14:45:01.080767Z","level":"info","event":"Processing file: /opt/airflow/data/yellow_tripdata_2019/yellow_tripdata_2019-01.csv","chan":"stdout","logger":"task"}
{"timestamp":"2025-07-27T14:45:02.507555Z","level":"info","event":"Total rows: 7667792, Batches: 16","chan":"stdout","logger":"task"}
{"timestamp":"2025-07-27T14:45:03.280846Z","level":"info","event":"Inserted 500000 rows from yellow_tripdata_2019-01.csv.","chan":"stdout","logger":"task"}
{"timestamp":"2025-07-27T14:45:04.103025Z","level":"info","event":"Inserted 500000 rows from yellow_tripdata_2019-01.csv.","chan":"stdout","logger":"task"}
{"timestamp":"2025-07-27T14:45:04.816113Z","level":"info","event":"Inserted 500000 rows from yellow_tripdata_2019-01.csv.","chan":"stdout","logger":"task"}
{"timestamp":"2025-07-27T14:45:05.588022Z","level":"info","event":"Inserted 500000 rows from yellow_tripdata_2019-01.csv.","chan":"stdout","logger":"task"}
{"timestamp":"2025-07-27T14:45:06.246530Z","level":"info","event":"Inserted 500000 rows from yellow_tripdata_2019-01.csv.","chan":"stdout","logger":"task"}
{"timestamp":"2025-07-27T14:45:06.887792Z","level":"info","event":"Inserted 500000 rows from yellow_tripdata_2019-01.csv.","chan":"stdout","logger":"task"}
{"timestamp":"2025-07-27T14:45:07.710635Z","level":"info","event":"Inserted 500000 rows from yellow_tripdata_2019-01.csv.","chan":"stdout","logger":"task"}
{"timestamp":"2025-07-27T14:45:08.419378Z","level":"info","event":"Inserted 500000 rows from yellow_tripdata_2019-01.csv.","chan":"stdout","logger":"task"}
{"timestamp":"2025-07-27T14:45:09.086689Z","level":"info","event":"Inserted 500000 rows from yellow_tripdata_2019-01.csv.","chan":"stdout","logger":"task"}
{"timestamp":"2025-07-27T14:45:40.286566Z","level":"info","event":"Inserted 500000 rows from yellow_tripdata_2019-01.csv.","chan":"stdout","logger":"task"}
{"timestamp":"2025-07-27T14:47:15.166630Z","level":"info","event":"Inserted 500000 rows from yellow_tripdata_2019-01.csv.","chan":"stdout","logger":"task"}
{"timestamp":"2025-07-27T14:48:45.412554Z","level":"info","event":"Inserted 500000 rows from yellow_tripdata_2019-01.csv.","chan":"stdout","logger":"task"}
{"timestamp":"2025-07-27T14:50:14.614431Z","level":"info","event":"Inserted 500000 rows from yellow_tripdata_2019-01.csv.","chan":"stdout","logger":"task"}
{"timestamp":"2025-07-27T14:52:07.674433Z","level":"info","event":"Inserted 500000 rows from yellow_tripdata_2019-01.csv.","chan":"stdout","logger":"task"}
