{"timestamp":"2025-07-30T18:54:52.649658","level":"info","event":"DAG bundles loaded: dags-folder, example_dags","logger":"airflow.dag_processing.bundles.manager.DagBundlesManager"}
{"timestamp":"2025-07-30T18:54:52.649995","level":"info","event":"Filling up the DagBag from /opt/airflow/dags/__pycache__/nyc_trip_etl_dag.py","logger":"airflow.models.dagbag.DagBag"}
{"timestamp":"2025-07-30T18:54:52.679977Z","level":"info","event":"Task instance is in running state","chan":"stdout","logger":"task"}
{"timestamp":"2025-07-30T18:54:52.680375Z","level":"info","event":" Previous state of the Task instance: TaskInstanceState.QUEUED","chan":"stdout","logger":"task"}
{"timestamp":"2025-07-30T18:54:52.680694Z","level":"info","event":"Current task name:load_csv_to_postgres","chan":"stdout","logger":"task"}
{"timestamp":"2025-07-30T18:54:52.681028Z","level":"info","event":"Dag name:nyc_trip_etl","chan":"stdout","logger":"task"}
{"timestamp":"2025-07-30T18:54:52.699104Z","level":"info","event":"Processing file: /opt/airflow/data/yellow_tripdata_2019/yellow_tripdata_2019-02.csv","chan":"stdout","logger":"task"}
{"timestamp":"2025-07-30T18:54:54.519348Z","level":"info","event":"Total rows: 7019375, Batches: 71","chan":"stdout","logger":"task"}
{"timestamp":"2025-07-30T18:54:57.731339Z","level":"info","event":"Inserted 100000 rows from yellow_tripdata_2019-02.csv.","chan":"stdout","logger":"task"}
{"timestamp":"2025-07-30T18:55:01.736474Z","level":"info","event":"Inserted 100000 rows from yellow_tripdata_2019-02.csv.","chan":"stdout","logger":"task"}
{"timestamp":"2025-07-30T18:55:05.309710Z","level":"info","event":"Inserted 100000 rows from yellow_tripdata_2019-02.csv.","chan":"stdout","logger":"task"}
{"timestamp":"2025-07-30T18:55:08.589174Z","level":"info","event":"Inserted 100000 rows from yellow_tripdata_2019-02.csv.","chan":"stdout","logger":"task"}
{"timestamp":"2025-07-30T18:55:11.969186Z","level":"info","event":"Inserted 100000 rows from yellow_tripdata_2019-02.csv.","chan":"stdout","logger":"task"}
{"timestamp":"2025-07-30T18:55:15.510492Z","level":"info","event":"Inserted 100000 rows from yellow_tripdata_2019-02.csv.","chan":"stdout","logger":"task"}
{"timestamp":"2025-07-30T18:55:19.394920Z","level":"info","event":"Inserted 100000 rows from yellow_tripdata_2019-02.csv.","chan":"stdout","logger":"task"}
{"timestamp":"2025-07-30T18:55:24.128109Z","level":"info","event":"Inserted 100000 rows from yellow_tripdata_2019-02.csv.","chan":"stdout","logger":"task"}
{"timestamp":"2025-07-30T18:55:27.926323Z","level":"info","event":"Inserted 100000 rows from yellow_tripdata_2019-02.csv.","chan":"stdout","logger":"task"}
{"timestamp":"2025-07-30T18:55:31.859647Z","level":"info","event":"Inserted 100000 rows from yellow_tripdata_2019-02.csv.","chan":"stdout","logger":"task"}
{"timestamp":"2025-07-30T18:55:35.268189Z","level":"info","event":"Inserted 100000 rows from yellow_tripdata_2019-02.csv.","chan":"stdout","logger":"task"}
{"timestamp":"2025-07-30T18:55:38.628671Z","level":"info","event":"Inserted 100000 rows from yellow_tripdata_2019-02.csv.","chan":"stdout","logger":"task"}
{"timestamp":"2025-07-30T18:55:42.698577Z","level":"info","event":"Inserted 100000 rows from yellow_tripdata_2019-02.csv.","chan":"stdout","logger":"task"}
{"timestamp":"2025-07-30T18:55:47.194278Z","level":"info","event":"Inserted 100000 rows from yellow_tripdata_2019-02.csv.","chan":"stdout","logger":"task"}
{"timestamp":"2025-07-30T18:55:51.789590Z","level":"info","event":"Inserted 100000 rows from yellow_tripdata_2019-02.csv.","chan":"stdout","logger":"task"}
{"timestamp":"2025-07-30T18:55:57.194685Z","level":"info","event":"Inserted 100000 rows from yellow_tripdata_2019-02.csv.","chan":"stdout","logger":"task"}
{"timestamp":"2025-07-30T18:56:01.412380Z","level":"info","event":"Inserted 100000 rows from yellow_tripdata_2019-02.csv.","chan":"stdout","logger":"task"}
{"timestamp":"2025-07-30T18:56:05.196777Z","level":"info","event":"Inserted 100000 rows from yellow_tripdata_2019-02.csv.","chan":"stdout","logger":"task"}
{"timestamp":"2025-07-30T18:56:08.654413Z","level":"info","event":"Inserted 100000 rows from yellow_tripdata_2019-02.csv.","chan":"stdout","logger":"task"}
{"timestamp":"2025-07-30T18:56:12.037478Z","level":"info","event":"Inserted 100000 rows from yellow_tripdata_2019-02.csv.","chan":"stdout","logger":"task"}
{"timestamp":"2025-07-30T18:56:16.994646Z","level":"info","event":"Inserted 100000 rows from yellow_tripdata_2019-02.csv.","chan":"stdout","logger":"task"}
{"timestamp":"2025-07-30T18:56:21.207753Z","level":"info","event":"Inserted 100000 rows from yellow_tripdata_2019-02.csv.","chan":"stdout","logger":"task"}
{"timestamp":"2025-07-30T18:56:26.625671Z","level":"info","event":"Inserted 100000 rows from yellow_tripdata_2019-02.csv.","chan":"stdout","logger":"task"}
{"timestamp":"2025-07-30T18:56:31.491377Z","level":"info","event":"Inserted 100000 rows from yellow_tripdata_2019-02.csv.","chan":"stdout","logger":"task"}
{"timestamp":"2025-07-30T18:56:35.306682Z","level":"info","event":"Inserted 100000 rows from yellow_tripdata_2019-02.csv.","chan":"stdout","logger":"task"}
{"timestamp":"2025-07-30T18:56:38.598560Z","level":"info","event":"Inserted 100000 rows from yellow_tripdata_2019-02.csv.","chan":"stdout","logger":"task"}
{"timestamp":"2025-07-30T18:56:41.849806Z","level":"info","event":"Inserted 100000 rows from yellow_tripdata_2019-02.csv.","chan":"stdout","logger":"task"}
{"timestamp":"2025-07-30T18:56:45.143810Z","level":"info","event":"Inserted 100000 rows from yellow_tripdata_2019-02.csv.","chan":"stdout","logger":"task"}
{"timestamp":"2025-07-30T18:56:48.809761Z","level":"info","event":"Inserted 100000 rows from yellow_tripdata_2019-02.csv.","chan":"stdout","logger":"task"}
{"timestamp":"2025-07-30T18:56:52.485597Z","level":"info","event":"Inserted 100000 rows from yellow_tripdata_2019-02.csv.","chan":"stdout","logger":"task"}
{"timestamp":"2025-07-30T18:56:56.838751Z","level":"info","event":"Inserted 100000 rows from yellow_tripdata_2019-02.csv.","chan":"stdout","logger":"task"}
{"timestamp":"2025-07-30T18:57:00.349237Z","level":"info","event":"Inserted 100000 rows from yellow_tripdata_2019-02.csv.","chan":"stdout","logger":"task"}
{"timestamp":"2025-07-30T18:57:04.974137Z","level":"info","event":"Inserted 100000 rows from yellow_tripdata_2019-02.csv.","chan":"stdout","logger":"task"}
{"timestamp":"2025-07-30T18:57:08.507656Z","level":"info","event":"Inserted 100000 rows from yellow_tripdata_2019-02.csv.","chan":"stdout","logger":"task"}
{"timestamp":"2025-07-30T18:57:11.657475Z","level":"info","event":"Inserted 100000 rows from yellow_tripdata_2019-02.csv.","chan":"stdout","logger":"task"}
{"timestamp":"2025-07-30T18:57:14.919073Z","level":"info","event":"Inserted 100000 rows from yellow_tripdata_2019-02.csv.","chan":"stdout","logger":"task"}
{"timestamp":"2025-07-30T18:57:19.227503Z","level":"info","event":"Inserted 100000 rows from yellow_tripdata_2019-02.csv.","chan":"stdout","logger":"task"}
{"timestamp":"2025-07-30T18:57:25.660891Z","level":"info","event":"Inserted 100000 rows from yellow_tripdata_2019-02.csv.","chan":"stdout","logger":"task"}
{"timestamp":"2025-07-30T18:57:31.438132Z","level":"info","event":"Inserted 100000 rows from yellow_tripdata_2019-02.csv.","chan":"stdout","logger":"task"}
{"timestamp":"2025-07-30T18:57:35.750387Z","level":"info","event":"Inserted 100000 rows from yellow_tripdata_2019-02.csv.","chan":"stdout","logger":"task"}
{"timestamp":"2025-07-30T18:57:42.665625Z","level":"info","event":"Inserted 100000 rows from yellow_tripdata_2019-02.csv.","chan":"stdout","logger":"task"}
{"timestamp":"2025-07-30T18:57:46.835362Z","level":"info","event":"Inserted 100000 rows from yellow_tripdata_2019-02.csv.","chan":"stdout","logger":"task"}
{"timestamp":"2025-07-30T18:57:51.771787Z","level":"info","event":"Inserted 100000 rows from yellow_tripdata_2019-02.csv.","chan":"stdout","logger":"task"}
{"timestamp":"2025-07-30T18:57:57.039747Z","level":"info","event":"Inserted 100000 rows from yellow_tripdata_2019-02.csv.","chan":"stdout","logger":"task"}
{"timestamp":"2025-07-30T18:58:01.657195Z","level":"info","event":"Inserted 100000 rows from yellow_tripdata_2019-02.csv.","chan":"stdout","logger":"task"}
{"timestamp":"2025-07-30T18:58:05.985621Z","level":"info","event":"Inserted 100000 rows from yellow_tripdata_2019-02.csv.","chan":"stdout","logger":"task"}
{"timestamp":"2025-07-30T18:58:10.619708Z","level":"info","event":"Inserted 100000 rows from yellow_tripdata_2019-02.csv.","chan":"stdout","logger":"task"}
{"timestamp":"2025-07-30T18:58:16.457498Z","level":"info","event":"Inserted 100000 rows from yellow_tripdata_2019-02.csv.","chan":"stdout","logger":"task"}
{"timestamp":"2025-07-30T18:58:21.237770Z","level":"info","event":"Inserted 100000 rows from yellow_tripdata_2019-02.csv.","chan":"stdout","logger":"task"}
{"timestamp":"2025-07-30T18:58:26.487579Z","level":"info","event":"Inserted 100000 rows from yellow_tripdata_2019-02.csv.","chan":"stdout","logger":"task"}
{"timestamp":"2025-07-30T18:58:32.140348Z","level":"info","event":"Inserted 100000 rows from yellow_tripdata_2019-02.csv.","chan":"stdout","logger":"task"}
{"timestamp":"2025-07-30T18:58:35.956852Z","level":"info","event":"Inserted 100000 rows from yellow_tripdata_2019-02.csv.","chan":"stdout","logger":"task"}
{"timestamp":"2025-07-30T18:58:39.823608Z","level":"info","event":"Inserted 100000 rows from yellow_tripdata_2019-02.csv.","chan":"stdout","logger":"task"}
{"timestamp":"2025-07-30T18:58:43.767839Z","level":"info","event":"Inserted 100000 rows from yellow_tripdata_2019-02.csv.","chan":"stdout","logger":"task"}
{"timestamp":"2025-07-30T18:58:48.578366Z","level":"info","event":"Inserted 100000 rows from yellow_tripdata_2019-02.csv.","chan":"stdout","logger":"task"}
{"timestamp":"2025-07-30T18:58:52.887757Z","level":"info","event":"Inserted 100000 rows from yellow_tripdata_2019-02.csv.","chan":"stdout","logger":"task"}
{"timestamp":"2025-07-30T18:58:57.259537Z","level":"info","event":"Inserted 100000 rows from yellow_tripdata_2019-02.csv.","chan":"stdout","logger":"task"}
{"timestamp":"2025-07-30T18:59:01.783529Z","level":"info","event":"Inserted 100000 rows from yellow_tripdata_2019-02.csv.","chan":"stdout","logger":"task"}
{"timestamp":"2025-07-30T18:59:06.845248Z","level":"info","event":"Inserted 100000 rows from yellow_tripdata_2019-02.csv.","chan":"stdout","logger":"task"}
{"timestamp":"2025-07-30T18:59:10.654401Z","level":"info","event":"Inserted 100000 rows from yellow_tripdata_2019-02.csv.","chan":"stdout","logger":"task"}
{"timestamp":"2025-07-30T18:59:15.829805Z","level":"info","event":"Inserted 100000 rows from yellow_tripdata_2019-02.csv.","chan":"stdout","logger":"task"}
{"timestamp":"2025-07-30T18:59:22.217727Z","level":"info","event":"Inserted 100000 rows from yellow_tripdata_2019-02.csv.","chan":"stdout","logger":"task"}
{"timestamp":"2025-07-30T18:59:28.768110Z","level":"info","event":"Inserted 100000 rows from yellow_tripdata_2019-02.csv.","chan":"stdout","logger":"task"}
{"timestamp":"2025-07-30T18:59:35.733853Z","level":"info","event":"Inserted 100000 rows from yellow_tripdata_2019-02.csv.","chan":"stdout","logger":"task"}
{"timestamp":"2025-07-30T18:59:41.131803Z","level":"info","event":"Inserted 100000 rows from yellow_tripdata_2019-02.csv.","chan":"stdout","logger":"task"}
{"timestamp":"2025-07-30T18:59:46.562079Z","level":"info","event":"Inserted 100000 rows from yellow_tripdata_2019-02.csv.","chan":"stdout","logger":"task"}
{"timestamp":"2025-07-30T18:59:52.569504Z","level":"info","event":"Inserted 100000 rows from yellow_tripdata_2019-02.csv.","chan":"stdout","logger":"task"}
{"timestamp":"2025-07-30T19:00:01.243750Z","level":"info","event":"Inserted 100000 rows from yellow_tripdata_2019-02.csv.","chan":"stdout","logger":"task"}
{"timestamp":"2025-07-30T19:00:10.520718Z","level":"info","event":"Inserted 100000 rows from yellow_tripdata_2019-02.csv.","chan":"stdout","logger":"task"}
{"timestamp":"2025-07-30T19:00:18.362518Z","level":"info","event":"Inserted 100000 rows from yellow_tripdata_2019-02.csv.","chan":"stdout","logger":"task"}
{"timestamp":"2025-07-30T19:00:19.277247Z","level":"info","event":"Inserted 19375 rows from yellow_tripdata_2019-02.csv.","chan":"stdout","logger":"task"}
{"timestamp":"2025-07-30T19:00:19.292352","level":"error","event":"Task failed with exception","logger":"task","error_detail":[{"exc_type":"UniqueViolation","exc_value":"duplicate key value violates unique constraint \"loaded_files_pkey\"\nDETAIL:  Key (filename)=(yellow_tripdata_2019-02.csv) already exists.\n","exc_notes":[],"syntax_error":null,"is_cause":false,"frames":[{"filename":"/home/airflow/.local/lib/python3.12/site-packages/airflow/sdk/execution_time/task_runner.py","lineno":877,"name":"run"},{"filename":"/home/airflow/.local/lib/python3.12/site-packages/airflow/sdk/execution_time/task_runner.py","lineno":1164,"name":"_execute_task"},{"filename":"/home/airflow/.local/lib/python3.12/site-packages/airflow/sdk/bases/operator.py","lineno":397,"name":"wrapper"},{"filename":"/home/airflow/.local/lib/python3.12/site-packages/airflow/providers/standard/operators/python.py","lineno":217,"name":"execute"},{"filename":"/home/airflow/.local/lib/python3.12/site-packages/airflow/providers/standard/operators/python.py","lineno":240,"name":"execute_callable"},{"filename":"/home/airflow/.local/lib/python3.12/site-packages/airflow/sdk/execution_time/callback_runner.py","lineno":81,"name":"run"},{"filename":"/opt/airflow/dags/scripts/load_csv_to_postgres.py","lineno":72,"name":"load_csv_to_postgres"}],"is_group":false,"exceptions":[]}]}
{"timestamp":"2025-07-30T19:00:19.299562Z","level":"info","event":"Task instance in failure state","chan":"stdout","logger":"task"}
{"timestamp":"2025-07-30T19:00:19.302231Z","level":"info","event":"Task start","chan":"stdout","logger":"task"}
{"timestamp":"2025-07-30T19:00:19.302616Z","level":"info","event":"Task:<Task(PythonOperator): load_csv_to_postgres>","chan":"stdout","logger":"task"}
{"timestamp":"2025-07-30T19:00:19.302869Z","level":"info","event":"Failure caused by duplicate key value violates unique constraint \"loaded_files_pkey\"","chan":"stdout","logger":"task"}
{"timestamp":"2025-07-30T19:00:19.303093Z","level":"info","event":"DETAIL:  Key (filename)=(yellow_tripdata_2019-02.csv) already exists.","chan":"stdout","logger":"task"}
{"timestamp":"2025-07-30T19:00:19.303492Z","level":"info","event":"","chan":"stdout","logger":"task"}
