{"timestamp":"2025-07-28T13:19:13.855888","level":"info","event":"DAG bundles loaded: dags-folder, example_dags","logger":"airflow.dag_processing.bundles.manager.DagBundlesManager"}
{"timestamp":"2025-07-28T13:19:13.856354","level":"info","event":"Filling up the DagBag from /opt/airflow/dags/__pycache__/nyc_trip_etl_dag.py","logger":"airflow.models.dagbag.DagBag"}
{"timestamp":"2025-07-28T13:19:13.922139Z","level":"info","event":"Task instance is in running state","chan":"stdout","logger":"task"}
{"timestamp":"2025-07-28T13:19:13.922652Z","level":"info","event":" Previous state of the Task instance: TaskInstanceState.QUEUED","chan":"stdout","logger":"task"}
{"timestamp":"2025-07-28T13:19:13.922909Z","level":"info","event":"Current task name:load_csv_to_postgres","chan":"stdout","logger":"task"}
{"timestamp":"2025-07-28T13:19:13.923019Z","level":"info","event":"Dag name:nyc_trip_etl","chan":"stdout","logger":"task"}
{"timestamp":"2025-07-28T13:19:13.945329Z","level":"info","event":"Processing file: /opt/airflow/data/yellow_tripdata_2019/yellow_tripdata_2019-01.csv","chan":"stdout","logger":"task"}
{"timestamp":"2025-07-28T13:19:18.127102Z","level":"info","event":"Total rows: 7667792, Batches: 77","chan":"stdout","logger":"task"}
{"timestamp":"2025-07-28T13:19:18.723532Z","level":"info","event":"Inserted 100000 rows from yellow_tripdata_2019-01.csv.","chan":"stdout","logger":"task"}
{"timestamp":"2025-07-28T13:19:19.032927Z","level":"info","event":"Inserted 100000 rows from yellow_tripdata_2019-01.csv.","chan":"stdout","logger":"task"}
{"timestamp":"2025-07-28T13:19:19.280912Z","level":"info","event":"Inserted 100000 rows from yellow_tripdata_2019-01.csv.","chan":"stdout","logger":"task"}
{"timestamp":"2025-07-28T13:19:19.489163Z","level":"info","event":"Inserted 100000 rows from yellow_tripdata_2019-01.csv.","chan":"stdout","logger":"task"}
{"timestamp":"2025-07-28T13:19:19.707903Z","level":"info","event":"Inserted 100000 rows from yellow_tripdata_2019-01.csv.","chan":"stdout","logger":"task"}
{"timestamp":"2025-07-28T13:19:19.893866Z","level":"info","event":"Inserted 100000 rows from yellow_tripdata_2019-01.csv.","chan":"stdout","logger":"task"}
{"timestamp":"2025-07-28T13:19:20.084227Z","level":"info","event":"Inserted 100000 rows from yellow_tripdata_2019-01.csv.","chan":"stdout","logger":"task"}
{"timestamp":"2025-07-28T13:19:20.307816Z","level":"info","event":"Inserted 100000 rows from yellow_tripdata_2019-01.csv.","chan":"stdout","logger":"task"}
{"timestamp":"2025-07-28T13:19:20.520982Z","level":"info","event":"Inserted 100000 rows from yellow_tripdata_2019-01.csv.","chan":"stdout","logger":"task"}
{"timestamp":"2025-07-28T13:19:20.707528Z","level":"info","event":"Inserted 100000 rows from yellow_tripdata_2019-01.csv.","chan":"stdout","logger":"task"}
{"timestamp":"2025-07-28T13:19:20.902443Z","level":"info","event":"Inserted 100000 rows from yellow_tripdata_2019-01.csv.","chan":"stdout","logger":"task"}
{"timestamp":"2025-07-28T13:19:21.105961Z","level":"info","event":"Inserted 100000 rows from yellow_tripdata_2019-01.csv.","chan":"stdout","logger":"task"}
{"timestamp":"2025-07-28T13:19:21.367360Z","level":"info","event":"Inserted 100000 rows from yellow_tripdata_2019-01.csv.","chan":"stdout","logger":"task"}
{"timestamp":"2025-07-28T13:19:21.499825Z","level":"info","event":"Inserted 100000 rows from yellow_tripdata_2019-01.csv.","chan":"stdout","logger":"task"}
{"timestamp":"2025-07-28T13:19:21.618278Z","level":"info","event":"Inserted 100000 rows from yellow_tripdata_2019-01.csv.","chan":"stdout","logger":"task"}
{"timestamp":"2025-07-28T13:19:21.766835Z","level":"info","event":"Inserted 100000 rows from yellow_tripdata_2019-01.csv.","chan":"stdout","logger":"task"}
{"timestamp":"2025-07-28T13:19:21.932330Z","level":"info","event":"Inserted 100000 rows from yellow_tripdata_2019-01.csv.","chan":"stdout","logger":"task"}
{"timestamp":"2025-07-28T13:19:22.099239Z","level":"info","event":"Inserted 100000 rows from yellow_tripdata_2019-01.csv.","chan":"stdout","logger":"task"}
{"timestamp":"2025-07-28T13:19:22.243175Z","level":"info","event":"Inserted 100000 rows from yellow_tripdata_2019-01.csv.","chan":"stdout","logger":"task"}
{"timestamp":"2025-07-28T13:19:22.418094Z","level":"info","event":"Inserted 100000 rows from yellow_tripdata_2019-01.csv.","chan":"stdout","logger":"task"}
{"timestamp":"2025-07-28T13:19:22.534090Z","level":"info","event":"Inserted 100000 rows from yellow_tripdata_2019-01.csv.","chan":"stdout","logger":"task"}
{"timestamp":"2025-07-28T13:19:22.650973Z","level":"info","event":"Inserted 100000 rows from yellow_tripdata_2019-01.csv.","chan":"stdout","logger":"task"}
{"timestamp":"2025-07-28T13:19:22.780196Z","level":"info","event":"Inserted 100000 rows from yellow_tripdata_2019-01.csv.","chan":"stdout","logger":"task"}
{"timestamp":"2025-07-28T13:19:22.898442Z","level":"info","event":"Inserted 100000 rows from yellow_tripdata_2019-01.csv.","chan":"stdout","logger":"task"}
{"timestamp":"2025-07-28T13:19:23.011825Z","level":"info","event":"Inserted 100000 rows from yellow_tripdata_2019-01.csv.","chan":"stdout","logger":"task"}
{"timestamp":"2025-07-28T13:19:23.126287Z","level":"info","event":"Inserted 100000 rows from yellow_tripdata_2019-01.csv.","chan":"stdout","logger":"task"}
{"timestamp":"2025-07-28T13:19:23.248235Z","level":"info","event":"Inserted 100000 rows from yellow_tripdata_2019-01.csv.","chan":"stdout","logger":"task"}
{"timestamp":"2025-07-28T13:19:23.373121Z","level":"info","event":"Inserted 100000 rows from yellow_tripdata_2019-01.csv.","chan":"stdout","logger":"task"}
{"timestamp":"2025-07-28T13:19:23.513912Z","level":"info","event":"Inserted 100000 rows from yellow_tripdata_2019-01.csv.","chan":"stdout","logger":"task"}
{"timestamp":"2025-07-28T13:19:23.638248Z","level":"info","event":"Inserted 100000 rows from yellow_tripdata_2019-01.csv.","chan":"stdout","logger":"task"}
{"timestamp":"2025-07-28T13:19:23.766806Z","level":"info","event":"Inserted 100000 rows from yellow_tripdata_2019-01.csv.","chan":"stdout","logger":"task"}
{"timestamp":"2025-07-28T13:19:23.906430Z","level":"info","event":"Inserted 100000 rows from yellow_tripdata_2019-01.csv.","chan":"stdout","logger":"task"}
{"timestamp":"2025-07-28T13:19:24.067558Z","level":"info","event":"Inserted 100000 rows from yellow_tripdata_2019-01.csv.","chan":"stdout","logger":"task"}
{"timestamp":"2025-07-28T13:19:24.208740Z","level":"info","event":"Inserted 100000 rows from yellow_tripdata_2019-01.csv.","chan":"stdout","logger":"task"}
{"timestamp":"2025-07-28T13:19:24.382181Z","level":"info","event":"Inserted 100000 rows from yellow_tripdata_2019-01.csv.","chan":"stdout","logger":"task"}
{"timestamp":"2025-07-28T13:19:24.566957Z","level":"info","event":"Inserted 100000 rows from yellow_tripdata_2019-01.csv.","chan":"stdout","logger":"task"}
{"timestamp":"2025-07-28T13:19:24.715371Z","level":"info","event":"Inserted 100000 rows from yellow_tripdata_2019-01.csv.","chan":"stdout","logger":"task"}
{"timestamp":"2025-07-28T13:19:24.852448Z","level":"info","event":"Inserted 100000 rows from yellow_tripdata_2019-01.csv.","chan":"stdout","logger":"task"}
{"timestamp":"2025-07-28T13:19:24.998691Z","level":"info","event":"Inserted 100000 rows from yellow_tripdata_2019-01.csv.","chan":"stdout","logger":"task"}
{"timestamp":"2025-07-28T13:19:25.118373Z","level":"info","event":"Inserted 100000 rows from yellow_tripdata_2019-01.csv.","chan":"stdout","logger":"task"}
{"timestamp":"2025-07-28T13:19:25.236544Z","level":"info","event":"Inserted 100000 rows from yellow_tripdata_2019-01.csv.","chan":"stdout","logger":"task"}
{"timestamp":"2025-07-28T13:19:25.366711Z","level":"info","event":"Inserted 100000 rows from yellow_tripdata_2019-01.csv.","chan":"stdout","logger":"task"}
{"timestamp":"2025-07-28T13:19:25.487281Z","level":"info","event":"Inserted 100000 rows from yellow_tripdata_2019-01.csv.","chan":"stdout","logger":"task"}
{"timestamp":"2025-07-28T13:19:25.606829Z","level":"info","event":"Inserted 100000 rows from yellow_tripdata_2019-01.csv.","chan":"stdout","logger":"task"}
{"timestamp":"2025-07-28T13:19:25.763526Z","level":"info","event":"Inserted 100000 rows from yellow_tripdata_2019-01.csv.","chan":"stdout","logger":"task"}
{"timestamp":"2025-07-28T13:19:25.880798Z","level":"info","event":"Inserted 100000 rows from yellow_tripdata_2019-01.csv.","chan":"stdout","logger":"task"}
{"timestamp":"2025-07-28T13:19:26.006549Z","level":"info","event":"Inserted 100000 rows from yellow_tripdata_2019-01.csv.","chan":"stdout","logger":"task"}
{"timestamp":"2025-07-28T13:19:26.152994Z","level":"info","event":"Inserted 100000 rows from yellow_tripdata_2019-01.csv.","chan":"stdout","logger":"task"}
{"timestamp":"2025-07-28T13:19:36.286090Z","level":"info","event":"Inserted 100000 rows from yellow_tripdata_2019-01.csv.","chan":"stdout","logger":"task"}
{"timestamp":"2025-07-28T13:19:53.906691Z","level":"info","event":"Inserted 100000 rows from yellow_tripdata_2019-01.csv.","chan":"stdout","logger":"task"}
{"timestamp":"2025-07-28T13:20:09.246125Z","level":"info","event":"Inserted 100000 rows from yellow_tripdata_2019-01.csv.","chan":"stdout","logger":"task"}
{"timestamp":"2025-07-28T13:20:22.864665Z","level":"info","event":"Inserted 100000 rows from yellow_tripdata_2019-01.csv.","chan":"stdout","logger":"task"}
{"timestamp":"2025-07-28T13:20:38.442644Z","level":"info","event":"Inserted 100000 rows from yellow_tripdata_2019-01.csv.","chan":"stdout","logger":"task"}
{"timestamp":"2025-07-28T13:20:53.435333Z","level":"info","event":"Inserted 100000 rows from yellow_tripdata_2019-01.csv.","chan":"stdout","logger":"task"}
{"timestamp":"2025-07-28T13:21:09.747196Z","level":"info","event":"Inserted 100000 rows from yellow_tripdata_2019-01.csv.","chan":"stdout","logger":"task"}
{"timestamp":"2025-07-28T13:21:24.148786Z","level":"info","event":"Inserted 100000 rows from yellow_tripdata_2019-01.csv.","chan":"stdout","logger":"task"}
{"timestamp":"2025-07-28T13:21:39.956368Z","level":"info","event":"Inserted 100000 rows from yellow_tripdata_2019-01.csv.","chan":"stdout","logger":"task"}
{"timestamp":"2025-07-28T13:21:54.313239Z","level":"info","event":"Inserted 100000 rows from yellow_tripdata_2019-01.csv.","chan":"stdout","logger":"task"}
{"timestamp":"2025-07-28T13:22:11.130866Z","level":"info","event":"Inserted 100000 rows from yellow_tripdata_2019-01.csv.","chan":"stdout","logger":"task"}
{"timestamp":"2025-07-28T13:22:26.135381Z","level":"info","event":"Inserted 100000 rows from yellow_tripdata_2019-01.csv.","chan":"stdout","logger":"task"}
{"timestamp":"2025-07-28T13:22:41.783897Z","level":"info","event":"Inserted 100000 rows from yellow_tripdata_2019-01.csv.","chan":"stdout","logger":"task"}
{"timestamp":"2025-07-28T13:22:56.150587Z","level":"info","event":"Inserted 100000 rows from yellow_tripdata_2019-01.csv.","chan":"stdout","logger":"task"}
{"timestamp":"2025-07-28T13:23:13.045307Z","level":"info","event":"Inserted 100000 rows from yellow_tripdata_2019-01.csv.","chan":"stdout","logger":"task"}
{"timestamp":"2025-07-28T13:23:27.470591Z","level":"info","event":"Inserted 100000 rows from yellow_tripdata_2019-01.csv.","chan":"stdout","logger":"task"}
{"timestamp":"2025-07-28T13:23:44.211739Z","level":"info","event":"Inserted 100000 rows from yellow_tripdata_2019-01.csv.","chan":"stdout","logger":"task"}
{"timestamp":"2025-07-28T13:23:58.744720Z","level":"info","event":"Inserted 100000 rows from yellow_tripdata_2019-01.csv.","chan":"stdout","logger":"task"}
{"timestamp":"2025-07-28T13:24:15.951736Z","level":"info","event":"Inserted 100000 rows from yellow_tripdata_2019-01.csv.","chan":"stdout","logger":"task"}
{"timestamp":"2025-07-28T13:24:29.864042Z","level":"info","event":"Inserted 100000 rows from yellow_tripdata_2019-01.csv.","chan":"stdout","logger":"task"}
{"timestamp":"2025-07-28T13:24:45.397347Z","level":"info","event":"Inserted 100000 rows from yellow_tripdata_2019-01.csv.","chan":"stdout","logger":"task"}
{"timestamp":"2025-07-28T13:25:01.860580Z","level":"info","event":"Inserted 100000 rows from yellow_tripdata_2019-01.csv.","chan":"stdout","logger":"task"}
{"timestamp":"2025-07-28T13:25:27.573951Z","level":"info","event":"Inserted 100000 rows from yellow_tripdata_2019-01.csv.","chan":"stdout","logger":"task"}
{"timestamp":"2025-07-28T13:25:47.206308Z","level":"info","event":"Inserted 100000 rows from yellow_tripdata_2019-01.csv.","chan":"stdout","logger":"task"}
{"timestamp":"2025-07-28T13:26:04.247914Z","level":"info","event":"Inserted 100000 rows from yellow_tripdata_2019-01.csv.","chan":"stdout","logger":"task"}
{"timestamp":"2025-07-28T13:26:22.893407Z","level":"info","event":"Inserted 100000 rows from yellow_tripdata_2019-01.csv.","chan":"stdout","logger":"task"}
{"timestamp":"2025-07-28T13:26:41.141459Z","level":"info","event":"Inserted 100000 rows from yellow_tripdata_2019-01.csv.","chan":"stdout","logger":"task"}
{"timestamp":"2025-07-28T13:26:59.887102Z","level":"info","event":"Inserted 100000 rows from yellow_tripdata_2019-01.csv.","chan":"stdout","logger":"task"}
{"timestamp":"2025-07-28T13:27:14.202756Z","level":"info","event":"Inserted 100000 rows from yellow_tripdata_2019-01.csv.","chan":"stdout","logger":"task"}
{"timestamp":"2025-07-28T13:27:14.204654Z","level":"info","event":"Processing file: /opt/airflow/data/yellow_tripdata_2019/yellow_tripdata_2019-02.csv","chan":"stdout","logger":"task"}
{"timestamp":"2025-07-28T13:27:16.893268Z","level":"info","event":"Total rows: 7019375, Batches: 71","chan":"stdout","logger":"task"}
{"timestamp":"2025-07-28T13:27:42.055912Z","level":"info","event":"Inserted 100000 rows from yellow_tripdata_2019-02.csv.","chan":"stdout","logger":"task"}
{"timestamp":"2025-07-28T13:28:02.439302Z","level":"info","event":"Inserted 100000 rows from yellow_tripdata_2019-02.csv.","chan":"stdout","logger":"task"}
{"timestamp":"2025-07-28T13:28:25.484003Z","level":"info","event":"Inserted 100000 rows from yellow_tripdata_2019-02.csv.","chan":"stdout","logger":"task"}
{"timestamp":"2025-07-28T13:28:46.708317Z","level":"info","event":"Inserted 100000 rows from yellow_tripdata_2019-02.csv.","chan":"stdout","logger":"task"}
{"timestamp":"2025-07-28T13:29:06.252393Z","level":"info","event":"Inserted 100000 rows from yellow_tripdata_2019-02.csv.","chan":"stdout","logger":"task"}
{"timestamp":"2025-07-28T13:29:24.687842Z","level":"info","event":"Inserted 100000 rows from yellow_tripdata_2019-02.csv.","chan":"stdout","logger":"task"}
{"timestamp":"2025-07-28T13:29:45.333536Z","level":"info","event":"Inserted 100000 rows from yellow_tripdata_2019-02.csv.","chan":"stdout","logger":"task"}
{"timestamp":"2025-07-28T13:30:06.959618Z","level":"info","event":"Inserted 100000 rows from yellow_tripdata_2019-02.csv.","chan":"stdout","logger":"task"}
{"timestamp":"2025-07-28T13:30:26.100211Z","level":"info","event":"Inserted 100000 rows from yellow_tripdata_2019-02.csv.","chan":"stdout","logger":"task"}
{"timestamp":"2025-07-28T13:30:47.460987Z","level":"info","event":"Inserted 100000 rows from yellow_tripdata_2019-02.csv.","chan":"stdout","logger":"task"}
{"timestamp":"2025-07-28T13:31:07.799899Z","level":"info","event":"Inserted 100000 rows from yellow_tripdata_2019-02.csv.","chan":"stdout","logger":"task"}
{"timestamp":"2025-07-28T13:31:32.361368Z","level":"info","event":"Inserted 100000 rows from yellow_tripdata_2019-02.csv.","chan":"stdout","logger":"task"}
{"timestamp":"2025-07-28T13:31:55.330935Z","level":"info","event":"Inserted 100000 rows from yellow_tripdata_2019-02.csv.","chan":"stdout","logger":"task"}
{"timestamp":"2025-07-28T13:32:17.367557Z","level":"info","event":"Inserted 100000 rows from yellow_tripdata_2019-02.csv.","chan":"stdout","logger":"task"}
{"timestamp":"2025-07-28T13:32:39.598257Z","level":"info","event":"Inserted 100000 rows from yellow_tripdata_2019-02.csv.","chan":"stdout","logger":"task"}
{"timestamp":"2025-07-28T13:33:02.540266Z","level":"info","event":"Inserted 100000 rows from yellow_tripdata_2019-02.csv.","chan":"stdout","logger":"task"}
{"timestamp":"2025-07-28T13:33:20.495882Z","level":"info","event":"Inserted 100000 rows from yellow_tripdata_2019-02.csv.","chan":"stdout","logger":"task"}
{"timestamp":"2025-07-28T13:33:44.990622Z","level":"info","event":"Inserted 100000 rows from yellow_tripdata_2019-02.csv.","chan":"stdout","logger":"task"}
{"timestamp":"2025-07-28T13:34:04.024805Z","level":"info","event":"Inserted 100000 rows from yellow_tripdata_2019-02.csv.","chan":"stdout","logger":"task"}
{"timestamp":"2025-07-28T13:34:21.987830Z","level":"info","event":"Inserted 100000 rows from yellow_tripdata_2019-02.csv.","chan":"stdout","logger":"task"}
{"timestamp":"2025-07-28T13:34:42.199945Z","level":"info","event":"Inserted 100000 rows from yellow_tripdata_2019-02.csv.","chan":"stdout","logger":"task"}
{"timestamp":"2025-07-28T13:35:03.828506Z","level":"info","event":"Inserted 100000 rows from yellow_tripdata_2019-02.csv.","chan":"stdout","logger":"task"}
{"timestamp":"2025-07-28T13:35:26.804179Z","level":"info","event":"Inserted 100000 rows from yellow_tripdata_2019-02.csv.","chan":"stdout","logger":"task"}
{"timestamp":"2025-07-28T13:35:46.131055Z","level":"info","event":"Inserted 100000 rows from yellow_tripdata_2019-02.csv.","chan":"stdout","logger":"task"}
{"timestamp":"2025-07-28T13:36:03.105631Z","level":"info","event":"Inserted 100000 rows from yellow_tripdata_2019-02.csv.","chan":"stdout","logger":"task"}
{"timestamp":"2025-07-28T13:36:20.955551Z","level":"info","event":"Inserted 100000 rows from yellow_tripdata_2019-02.csv.","chan":"stdout","logger":"task"}
{"timestamp":"2025-07-28T13:36:36.927382Z","level":"info","event":"Inserted 100000 rows from yellow_tripdata_2019-02.csv.","chan":"stdout","logger":"task"}
{"timestamp":"2025-07-28T13:36:52.759893Z","level":"info","event":"Inserted 100000 rows from yellow_tripdata_2019-02.csv.","chan":"stdout","logger":"task"}
{"timestamp":"2025-07-28T13:37:11.492143Z","level":"info","event":"Inserted 100000 rows from yellow_tripdata_2019-02.csv.","chan":"stdout","logger":"task"}
{"timestamp":"2025-07-28T13:37:27.635944Z","level":"info","event":"Inserted 100000 rows from yellow_tripdata_2019-02.csv.","chan":"stdout","logger":"task"}
{"timestamp":"2025-07-28T13:37:45.632090Z","level":"info","event":"Inserted 100000 rows from yellow_tripdata_2019-02.csv.","chan":"stdout","logger":"task"}
{"timestamp":"2025-07-28T13:38:02.617285Z","level":"info","event":"Inserted 100000 rows from yellow_tripdata_2019-02.csv.","chan":"stdout","logger":"task"}
{"timestamp":"2025-07-28T13:38:20.791310Z","level":"info","event":"Inserted 100000 rows from yellow_tripdata_2019-02.csv.","chan":"stdout","logger":"task"}
{"timestamp":"2025-07-28T13:38:38.798513Z","level":"info","event":"Inserted 100000 rows from yellow_tripdata_2019-02.csv.","chan":"stdout","logger":"task"}
{"timestamp":"2025-07-28T13:38:56.220841Z","level":"info","event":"Inserted 100000 rows from yellow_tripdata_2019-02.csv.","chan":"stdout","logger":"task"}
{"timestamp":"2025-07-28T13:39:13.682638Z","level":"info","event":"Inserted 100000 rows from yellow_tripdata_2019-02.csv.","chan":"stdout","logger":"task"}
{"timestamp":"2025-07-28T13:39:36.052155Z","level":"info","event":"Inserted 100000 rows from yellow_tripdata_2019-02.csv.","chan":"stdout","logger":"task"}
{"timestamp":"2025-07-28T13:39:55.447739Z","level":"info","event":"Inserted 100000 rows from yellow_tripdata_2019-02.csv.","chan":"stdout","logger":"task"}
{"timestamp":"2025-07-28T13:40:14.619796Z","level":"info","event":"Inserted 100000 rows from yellow_tripdata_2019-02.csv.","chan":"stdout","logger":"task"}
{"timestamp":"2025-07-28T13:41:01.606896Z","level":"info","event":"Inserted 100000 rows from yellow_tripdata_2019-02.csv.","chan":"stdout","logger":"task"}
{"timestamp":"2025-07-28T13:41:43.733455Z","level":"info","event":"Inserted 100000 rows from yellow_tripdata_2019-02.csv.","chan":"stdout","logger":"task"}
{"timestamp":"2025-07-28T13:42:16.514323Z","level":"info","event":"Inserted 100000 rows from yellow_tripdata_2019-02.csv.","chan":"stdout","logger":"task"}
{"timestamp":"2025-07-28T13:42:34.167055Z","level":"info","event":"Inserted 100000 rows from yellow_tripdata_2019-02.csv.","chan":"stdout","logger":"task"}
{"timestamp":"2025-07-28T13:42:49.139098Z","level":"info","event":"Inserted 100000 rows from yellow_tripdata_2019-02.csv.","chan":"stdout","logger":"task"}
{"timestamp":"2025-07-28T13:43:03.629663Z","level":"info","event":"Inserted 100000 rows from yellow_tripdata_2019-02.csv.","chan":"stdout","logger":"task"}
{"timestamp":"2025-07-28T13:43:17.145134Z","level":"info","event":"Inserted 100000 rows from yellow_tripdata_2019-02.csv.","chan":"stdout","logger":"task"}
{"timestamp":"2025-07-28T13:43:31.077766Z","level":"info","event":"Inserted 100000 rows from yellow_tripdata_2019-02.csv.","chan":"stdout","logger":"task"}
{"timestamp":"2025-07-28T13:43:50.382833Z","level":"info","event":"Inserted 100000 rows from yellow_tripdata_2019-02.csv.","chan":"stdout","logger":"task"}
{"timestamp":"2025-07-28T13:44:06.004154Z","level":"info","event":"Inserted 100000 rows from yellow_tripdata_2019-02.csv.","chan":"stdout","logger":"task"}
{"timestamp":"2025-07-28T13:44:21.056373Z","level":"info","event":"Inserted 100000 rows from yellow_tripdata_2019-02.csv.","chan":"stdout","logger":"task"}
{"timestamp":"2025-07-28T13:44:35.006176Z","level":"info","event":"Inserted 100000 rows from yellow_tripdata_2019-02.csv.","chan":"stdout","logger":"task"}
{"timestamp":"2025-07-28T13:44:50.416514Z","level":"info","event":"Inserted 100000 rows from yellow_tripdata_2019-02.csv.","chan":"stdout","logger":"task"}
{"timestamp":"2025-07-28T13:45:03.148669Z","level":"info","event":"Inserted 100000 rows from yellow_tripdata_2019-02.csv.","chan":"stdout","logger":"task"}
{"timestamp":"2025-07-28T13:45:23.815085Z","level":"info","event":"Inserted 100000 rows from yellow_tripdata_2019-02.csv.","chan":"stdout","logger":"task"}
{"timestamp":"2025-07-28T13:45:39.674669Z","level":"info","event":"Inserted 100000 rows from yellow_tripdata_2019-02.csv.","chan":"stdout","logger":"task"}
{"timestamp":"2025-07-28T13:45:56.954207Z","level":"info","event":"Inserted 100000 rows from yellow_tripdata_2019-02.csv.","chan":"stdout","logger":"task"}
{"timestamp":"2025-07-28T13:46:16.243919Z","level":"info","event":"Inserted 100000 rows from yellow_tripdata_2019-02.csv.","chan":"stdout","logger":"task"}
{"timestamp":"2025-07-28T13:46:29.823731Z","level":"info","event":"Inserted 100000 rows from yellow_tripdata_2019-02.csv.","chan":"stdout","logger":"task"}
{"timestamp":"2025-07-28T13:46:54.333493Z","level":"info","event":"Inserted 100000 rows from yellow_tripdata_2019-02.csv.","chan":"stdout","logger":"task"}
{"timestamp":"2025-07-28T13:47:13.420657Z","level":"info","event":"Inserted 100000 rows from yellow_tripdata_2019-02.csv.","chan":"stdout","logger":"task"}
