{"timestamp":"2025-07-27T14:45:04.353951","level":"info","event":"DAG bundles loaded: dags-folder, example_dags","logger":"airflow.dag_processing.bundles.manager.DagBundlesManager"}
{"timestamp":"2025-07-27T14:45:04.354594","level":"info","event":"Filling up the DagBag from /opt/airflow/dags/__pycache__/nyc_trip_etl_dag.py","logger":"airflow.models.dagbag.DagBag"}
{"timestamp":"2025-07-27T14:45:04.383619Z","level":"info","event":"Task instance is in running state","chan":"stdout","logger":"task"}
{"timestamp":"2025-07-27T14:45:04.384059Z","level":"info","event":" Previous state of the Task instance: TaskInstanceState.QUEUED","chan":"stdout","logger":"task"}
{"timestamp":"2025-07-27T14:45:04.384379Z","level":"info","event":"Current task name:load_csv_to_postgres","chan":"stdout","logger":"task"}
{"timestamp":"2025-07-27T14:45:04.384680Z","level":"info","event":"Dag name:nyc_trip_etl","chan":"stdout","logger":"task"}
{"timestamp":"2025-07-27T14:45:04.389572Z","level":"info","event":"Processing file: /opt/airflow/data/yellow_tripdata_2019/yellow_tripdata_2019-01.csv","chan":"stdout","logger":"task"}
{"timestamp":"2025-07-27T14:45:05.874379Z","level":"info","event":"Total rows: 7667792, Batches: 16","chan":"stdout","logger":"task"}
{"timestamp":"2025-07-27T14:45:06.627590Z","level":"info","event":"Inserted 500000 rows from yellow_tripdata_2019-01.csv.","chan":"stdout","logger":"task"}
{"timestamp":"2025-07-27T14:45:07.256890Z","level":"info","event":"Inserted 500000 rows from yellow_tripdata_2019-01.csv.","chan":"stdout","logger":"task"}
{"timestamp":"2025-07-27T14:45:08.157001Z","level":"info","event":"Inserted 500000 rows from yellow_tripdata_2019-01.csv.","chan":"stdout","logger":"task"}
{"timestamp":"2025-07-27T14:45:08.796389Z","level":"info","event":"Inserted 500000 rows from yellow_tripdata_2019-01.csv.","chan":"stdout","logger":"task"}
{"timestamp":"2025-07-27T14:45:09.469505Z","level":"info","event":"Inserted 500000 rows from yellow_tripdata_2019-01.csv.","chan":"stdout","logger":"task"}
{"timestamp":"2025-07-27T14:45:10.171386Z","level":"info","event":"Inserted 500000 rows from yellow_tripdata_2019-01.csv.","chan":"stdout","logger":"task"}
{"timestamp":"2025-07-27T14:45:10.825532Z","level":"info","event":"Inserted 500000 rows from yellow_tripdata_2019-01.csv.","chan":"stdout","logger":"task"}
{"timestamp":"2025-07-27T14:45:11.345363Z","level":"info","event":"Inserted 500000 rows from yellow_tripdata_2019-01.csv.","chan":"stdout","logger":"task"}
{"timestamp":"2025-07-27T14:45:11.948385Z","level":"info","event":"Inserted 500000 rows from yellow_tripdata_2019-01.csv.","chan":"stdout","logger":"task"}
{"timestamp":"2025-07-27T14:45:42.814610Z","level":"info","event":"Inserted 500000 rows from yellow_tripdata_2019-01.csv.","chan":"stdout","logger":"task"}
{"timestamp":"2025-07-27T14:47:18.992937Z","level":"info","event":"Inserted 500000 rows from yellow_tripdata_2019-01.csv.","chan":"stdout","logger":"task"}
{"timestamp":"2025-07-27T14:48:49.536526Z","level":"info","event":"Inserted 500000 rows from yellow_tripdata_2019-01.csv.","chan":"stdout","logger":"task"}
{"timestamp":"2025-07-27T14:50:20.804086Z","level":"info","event":"Inserted 500000 rows from yellow_tripdata_2019-01.csv.","chan":"stdout","logger":"task"}
{"timestamp":"2025-07-27T14:52:13.873377Z","level":"info","event":"Inserted 500000 rows from yellow_tripdata_2019-01.csv.","chan":"stdout","logger":"task"}
